<?xml version="1.0" encoding="utf-8"?><testsuites name="pytest tests"><testsuite name="pytest" errors="0" failures="0" skipped="0" tests="45" time="12.534" timestamp="2026-09-18T20:11:06.567738+00:00" hostname="agent-env-d8b25187-eca7-43b5-b62b-ce4a6c9434e6"><testcase classname="tests.test_features_v3.TestDataVolume" name="test_min_20_leads" time="0.755" /><testcase classname="tests.test_features_v3.TestDataVolume" name="test_leads_all_6_statuses" time="0.098" /><testcase classname="tests.test_features_v3.TestDataVolume" name="test_min_15_customers_with_state" time="0.108" /><testcase classname="tests.test_features_v3.TestDataVolume" name="test_min_customers_lgpd_consent" time="0.000" /><testcase classname="tests.test_features_v3.TestDataVolume" name="test_min_20_invoiced_orders" time="0.107" /><testcase classname="tests.test_features_v3.TestDataVolume" name="test_min_7_active_channels" time="0.081" /><testcase classname="tests.test_features_v3.TestMarketplaceSync" name="test_sync_success_row" time="0.192" /><testcase classname="tests.test_features_v3.TestMarketplaceSync" name="test_sync_creates_notification" time="0.276" /><testcase classname="tests.test_features_v3.TestMarketplaceSync" name="test_sync_unknown_channel_404" time="0.117" /><testcase classname="tests.test_features_v3.TestMarketplaceSync" name="test_sync_vendedor_forbidden" time="0.397" /><testcase classname="tests.test_features_v3.TestMarketplaceSync" name="test_syncs_list" time="0.077" /><testcase classname="tests.test_features_v3.TestTeamRanking" name="test_ranking_returns_list_ranked" time="0.090" /><testcase classname="tests.test_features_v3.TestTeamRanking" name="test_ranking_sorted_desc_by_achieved" time="0.091" /><testcase classname="tests.test_features_v3.TestTeamRanking" name="test_ranking_contains_expected_fields" time="0.083" /><testcase classname="tests.test_features_v3.TestTeamRanking" name="test_ranking_vendedor_can_access" time="0.084" /><testcase classname="tests.test_features_v3.TestNotifications" name="test_list_admin" time="0.072" /><testcase classname="tests.test_features_v3.TestNotifications" name="test_unread_count_matches" time="0.145" /><testcase classname="tests.test_features_v3.TestNotifications" name="test_mark_read_flips_flag" time="0.150" /><testcase classname="tests.test_features_v3.TestNotifications" name="test_mark_all_read_zero" time="0.232" /><testcase classname="tests.test_features_v3.TestOrderItemMath" name="test_all_items_subtotal_equals_qty_times_price" time="0.001" /><testcase classname="tests.test_features_v3.TestOrderItemMath" name="test_invoiced_order_gross_equals_sum_of_items" time="0.003" /><testcase classname="tests.test_features_v3.TestOrderItemMath" name="test_invoiced_order_net_equals_gross_minus_taxes" time="0.001" /><testcase classname="tests.test_features_v3.TestCompanyGoal" name="test_returns_expected_shape" time="0.116" /><testcase classname="tests.test_features_v3.TestCompanyGoal" name="test_progress_pct_math" time="0.076" /><testcase classname="tests.test_features_v3.TestCompanyGoal" name="test_target_positive_current_month" time="0.070" /><testcase classname="tests.test_features_v3.TestFiscalRegime" name="test_current_is_classic" time="0.068" /><testcase classname="tests.test_features_v3.TestFiscalRegime" name="test_toggle_reforma_then_back" time="0.252" /><testcase classname="tests.test_features_v3.TestFiscalRegime" name="test_invalid_mode_400" time="0.106" /><testcase classname="tests.test_features_v3.TestSPED" name="test_block_c_content" time="0.151" /><testcase classname="tests.test_features_v3.TestSPED" name="test_block_m_content" time="0.123" /><testcase classname="tests.test_features_v3.TestSPED" name="test_c100_count_matches_issued" time="0.260" /><testcase classname="tests.test_features_v3.TestWhatsAppInbox" name="test_leads_include_whatsapp_source" time="0.073" /><testcase classname="tests.test_features_v3.TestWhatsAppInbox" name="test_whatsapp_lead_has_messages" time="1.282" /><testcase classname="tests.test_features_v3.TestWhatsAppInbox" name="test_vendedor_scope_whatsapp" time="0.071" /><testcase classname="tests.test_features_v3.TestReceivables" name="test_dashboard_receivables_sum_matches_pending" time="0.142" /><testcase classname="tests.test_features_v3.TestReceivables" name="test_receivables_list_has_pending_payments" time="0.110" /><testcase classname="tests.test_features_v3.TestReformaHybridMath" name="test_reforma_invoice_has_cbs_ibs_only" time="0.533" /><testcase classname="tests.test_features_v3.TestReformaHybridMath" name="test_hybrid_invoice_half_rates" time="0.459" /><testcase classname="tests.test_features_v3.TestInvoiceMath" name="test_invoices_fetched" time="6.803" /><testcase classname="tests.test_features_v3.TestInvoiceMath" name="test_invoice_total_taxes_equals_sum_of_tax_rows" time="0.001" /><testcase classname="tests.test_features_v3.TestInvoiceMath" name="test_invoice_total_net_equals_gross_minus_taxes" time="0.000" /><testcase classname="tests.test_features_v3.TestInvoiceMath" name="test_every_tax_amount_equals_base_times_rate" time="0.000" /><testcase classname="tests.test_features_v3.TestInvoiceMath" name="test_invoice_base_equals_order_gross" time="0.000" /><testcase classname="tests.test_features_v3.TestStateICMS" name="test_icms_rate_matches_uf_map" time="4.757" /><testcase classname="tests.test_features_v3.TestCSVRegression" name="test_utf8_bom_and_semicolon" time="0.130" /></testsuite></testsuites>