<?xml version="1.0" encoding="utf-8"?><testsuites name="pytest tests"><testsuite name="pytest" errors="0" failures="0" skipped="1" tests="18" time="4.094" timestamp="2026-09-19T04:58:48.919334+00:00" hostname="agent-env-d8b25187-eca7-43b5-b62b-ce4a6c9434e6"><testcase classname="tests.test_features_v5" name="test_login_all_seeded_accounts[pablohenriqued@gmail.com-NexusERP@2026-admin]" time="0.413" /><testcase classname="tests.test_features_v5" name="test_login_all_seeded_accounts[vendedor@nexuserp.com-Vendedor@2026-vendedor]" time="0.286" /><testcase classname="tests.test_features_v5" name="test_login_all_seeded_accounts[contador@nexuserp.com-Contador@2026-contador]" time="0.283" /><testcase classname="tests.test_features_v5" name="test_login_all_seeded_accounts[ana@nexuserp.com-Ana@2026-vendedor]" time="0.285" /><testcase classname="tests.test_features_v5" name="test_login_all_seeded_accounts[bruno@nexuserp.com-Bruno@2026-vendedor]" time="0.286" /><testcase classname="tests.test_features_v5" name="test_login_all_seeded_accounts[carla@nexuserp.com-Carla@2026-vendedor]" time="0.283" /><testcase classname="tests.test_features_v5" name="test_wrong_password_rejected" time="0.284" /><testcase classname="tests.test_features_v5" name="test_wrong_email_rejected" time="0.063" /><testcase classname="tests.test_features_v5" name="test_auth_me_valid_token" time="0.345" /><testcase classname="tests.test_features_v5" name="test_auth_me_no_header" time="0.117" /><testcase classname="tests.test_features_v5" name="test_auth_me_invalid_token" time="0.115" /><testcase classname="tests.test_features_v5" name="test_contador_mutations_blocked[/api/orders-payload0]" time="0.396" /><testcase classname="tests.test_features_v5" name="test_contador_mutations_blocked[/api/customers-payload1]" time="0.125" /><testcase classname="tests.test_features_v5" name="test_contador_mutations_blocked[/api/leads-payload2]" time="0.116" /><testcase classname="tests.test_features_v5" name="test_contador_mutations_blocked[/api/goals-payload3]" time="0.109" /><testcase classname="tests.test_features_v5" name="test_contador_mutations_blocked[/api/goals/products-payload4]" time="0.141" /><testcase classname="tests.test_features_v5" name="test_contador_login_still_works" time="0.285" /><testcase classname="tests.test_features_v5" name="test_reseed_repairs_corrupt_password_hash" time="0.099"><skipped type="pytest.skip" message="DB not reachable from test env: No module named 'psycopg2'">/app/backend/tests/test_features_v5.py:127: DB not reachable from test env: No module named 'psycopg2'</skipped></testcase></testsuite></testsuites>