<?xml version="1.0" encoding="utf-8"?><testsuites name="pytest tests"><testsuite name="pytest" errors="0" failures="31" skipped="0" tests="283" time="39.252" timestamp="2026-09-19T05:00:02.553630+00:00" hostname="agent-env-d8b25187-eca7-43b5-b62b-ce4a6c9434e6"><testcase classname="tests.backend_test" name="test_health" time="0.149" /><testcase classname="tests.backend_test" name="test_admin_login_role" time="0.456" /><testcase classname="tests.backend_test" name="test_vendedor_login_role" time="0.286" /><testcase classname="tests.test_features_v2" name="test_uf_icms_nfe[gross0-SP]" time="1.535" /><testcase classname="tests.backend_test" name="test_auth_me" time="0.345" /><testcase classname="tests.backend_test" name="test_login_bad_credentials" time="0.283" /><testcase classname="tests.backend_test" name="test_admin_can_list_users" time="0.066" /><testcase classname="tests.test_features_v2" name="test_uf_icms_nfe[gross0-RJ]" time="0.462" /><testcase classname="tests.backend_test" name="test_vendedor_cannot_list_users" time="0.403" /><testcase classname="tests.backend_test" name="test_admin_register_new_vendedor" time="0.290" /><testcase classname="tests.test_features_v2" name="test_uf_icms_nfe[gross0-MG]" time="0.448" /><testcase classname="tests.backend_test" name="test_vendedor_cannot_register" time="0.068" /><testcase classname="tests.backend_test" name="test_leads_crud_and_scoping" time="0.905" /><testcase classname="tests.test_features_v2" name="test_uf_icms_nfe[gross0-DF]" time="0.244" /><testcase classname="tests.test_features_v2" name="test_uf_icms_nfe[gross0-PR]" time="0.210" /><testcase classname="tests.test_features_v2" name="test_uf_icms_nfe[gross0-MA]" time="0.240" /><testcase classname="tests.test_features_v2" name="test_uf_icms_nfe[gross0-RS]" time="0.208" /><testcase classname="tests.backend_test" name="test_whatsapp_webhook_wrong_token" time="0.100" /><testcase classname="tests.test_features_v2" name="test_uf_icms_nfe[gross0-SC]" time="0.205" /><testcase classname="tests.backend_test" name="test_whatsapp_webhook_creates_lead_and_appends" time="0.324" /><testcase classname="tests.test_features_v2" name="test_uf_icms_nfe[gross0-BA]" time="0.203" /><testcase classname="tests.backend_test" name="test_whatsapp_simulate" time="0.199" /><testcase classname="tests.test_features_v2" name="test_uf_icms_nfe[gross0-PE]" time="0.198" /><testcase classname="tests.backend_test" name="test_products_admin_crud_vendedor_readonly" time="0.323" /><testcase classname="tests.test_features_v2" name="test_uf_icms_nfe[gross0-GO]" time="0.248" /><testcase classname="tests.backend_test" name="test_end_to_end_flow" time="1.064" /><testcase classname="tests.test_features_v2" name="test_uf_icms_nfe[gross0-ES]" time="0.209" /><testcase classname="tests.test_features_v2" name="test_uf_icms_nfe[gross0-CE]" time="0.195" /><testcase classname="tests.test_features_v2" name="test_uf_icms_nfe[gross0-AM]" time="0.202" /><testcase classname="tests.test_features_v2" name="test_uf_icms_nfe[gross0-PA]" time="0.203" /><testcase classname="tests.test_features_v2" name="test_uf_icms_nfe[gross1-SP]" time="0.200" /><testcase classname="tests.test_features_v2" name="test_uf_icms_nfe[gross1-RJ]" time="0.243" /><testcase classname="tests.backend_test" name="test_service_order_generates_nfse" time="0.198" /><testcase classname="tests.test_features_v2" name="test_uf_icms_nfe[gross1-MG]" time="0.216" /><testcase classname="tests.backend_test" name="test_customer_anonymize" time="0.128" /><testcase classname="tests.backend_test" name="test_zzz_cleanup" time="0.191" /><testcase classname="tests.test_features_v2" name="test_uf_icms_nfe[gross1-DF]" time="0.199" /><testcase classname="tests.test_features_v2" name="test_uf_icms_nfe[gross1-PR]" time="0.710" /><testcase classname="tests.test_features_v2.TestGoals" name="test_create_goal_admin" time="0.726" /><testcase classname="tests.test_features_v2.TestGoals" name="test_create_goal_vendedor_forbidden" time="0.063" /><testcase classname="tests.test_features_v2.TestGoals" name="test_create_goal_upsert_same_month" time="0.170" /><testcase classname="tests.test_features_v2" name="test_uf_icms_nfe[gross1-MA]" time="0.238" /><testcase classname="tests.test_features_v2.TestGoals" name="test_patch_goal" time="0.130" /><testcase classname="tests.test_features_v2" name="test_uf_icms_nfe[gross1-RS]" time="0.229" /><testcase classname="tests.test_features_v2.TestGoals" name="test_patch_goal_vendedor_forbidden" time="0.062" /><testcase classname="tests.test_features_v2.TestGoals" name="test_patch_goal_not_found" time="0.102" /><testcase classname="tests.test_features_v2.TestGoals" name="test_delete_goal" time="0.194" /><testcase classname="tests.test_features_v2" name="test_uf_icms_nfe[gross1-SC]" time="0.195" /><testcase classname="tests.test_features_v2.TestGoals" name="test_delete_goal_vendedor_forbidden" time="0.060" /><testcase classname="tests.test_features_v2" name="test_uf_icms_nfe[gross1-BA]" time="0.244" /><testcase classname="tests.test_features_v2.TestGoals" name="test_list_goals_admin_all" time="0.061" /><testcase classname="tests.test_features_v2.TestGoals" name="test_list_goals_vendedor_scoped" time="0.063" /><testcase classname="tests.test_features_v2.TestGoals" name="test_list_goals_filter_month" time="0.062" /><testcase classname="tests.test_features_v2.TestGoals" name="test_list_goals_unauth" time="0.063" /><testcase classname="tests.test_features_v2" name="test_uf_icms_nfe[gross1-PE]" time="0.248" /><testcase classname="tests.test_features_v2.TestInventory" name="test_setup" time="0.127" /><testcase classname="tests.test_features_v2.TestInventory" name="test_create_inventory" time="0.071" /><testcase classname="tests.test_features_v2" name="test_uf_icms_nfe[gross1-GO]" time="0.203" /><testcase classname="tests.test_features_v2.TestInventory" name="test_create_inventory_upsert" time="0.066" /><testcase classname="tests.test_features_v2.TestInventory" name="test_create_inventory_vendedor_forbidden" time="0.063" /><testcase classname="tests.test_features_v2.TestInventory" name="test_patch_inventory" time="0.072" /><testcase classname="tests.test_features_v2.TestInventory" name="test_patch_inventory_not_found" time="0.064" /><testcase classname="tests.test_features_v2" name="test_uf_icms_nfe[gross1-ES]" time="0.207" /><testcase classname="tests.test_features_v2.TestInventory" name="test_patch_inventory_vendedor_forbidden" time="0.065" /><testcase classname="tests.test_features_v2.TestInventory" name="test_list_inventory_filter_by_product" time="0.065" /><testcase classname="tests.test_features_v2.TestInventory" name="test_list_inventory_filter_by_channel" time="0.065" /><testcase classname="tests.test_features_v2" name="test_uf_icms_nfe[gross1-CE]" time="0.279" /><testcase classname="tests.test_features_v2.TestInventory" name="test_inventory_summary" time="0.088" /><testcase classname="tests.test_features_v2.TestInventory" name="test_delete_inventory" time="0.127" /><testcase classname="tests.test_features_v2.TestInventory" name="test_delete_inventory_vendedor_forbidden" time="0.060" /><testcase classname="tests.test_features_v2" name="test_uf_icms_nfe[gross1-AM]" time="0.281" /><testcase classname="tests.test_features_v2.TestCommissionFlow" name="test_setup_goal_and_customer" time="0.233" /><testcase classname="tests.test_features_v2" name="test_uf_icms_nfe[gross1-PA]" time="0.206" /><testcase classname="tests.test_features_v2.TestCommissionFlow" name="test_progress_before_payment" time="0.067" /><testcase classname="tests.test_features_v2.TestCommissionFlow" name="test_create_order_5000" time="0.070" /><testcase classname="tests.test_features_v2.TestCommissionFlow" name="test_add_and_mark_payment_paid" time="0.137" /><testcase classname="tests.test_features_v2" name="test_uf_icms_nfe[gross2-SP]" time="0.204" /><testcase classname="tests.test_features_v2.TestCommissionFlow" name="test_commission_auto_created" time="0.063" /><testcase classname="tests.test_features_v2.TestCommissionFlow" name="test_mark_paid_idempotent_no_duplicate" time="0.124" /><testcase classname="tests.test_features_v2" name="test_uf_icms_nfe[gross2-RJ]" time="0.200" /><testcase classname="tests.test_features_v2.TestCommissionFlow" name="test_progress_after_payment" time="0.064" /><testcase classname="tests.test_features_v2.TestCommissionFlow" name="test_commissions_admin_sees_all" time="0.060" /><testcase classname="tests.test_features_v2.TestCommissionFlow" name="test_commissions_vendedor_scoped" time="0.061" /><testcase classname="tests.test_features_v2" name="test_uf_icms_nfe[gross2-MG]" time="0.201" /><testcase classname="tests.test_features_v2.TestCommissionFlow" name="test_mark_commission_paid_admin" time="0.107" /><testcase classname="tests.test_features_v2.TestCommissionFlow" name="test_mark_commission_paid_vendedor_forbidden" time="0.103" /><testcase classname="tests.test_features_v2" name="test_uf_icms_nfe[gross2-DF]" time="0.242" /><testcase classname="tests.test_features_v2.TestChannels" name="test_list_channels_authenticated" time="0.064" /><testcase classname="tests.test_features_v2.TestChannels" name="test_list_channels_vendedor_ok" time="0.063" /><testcase classname="tests.test_features_v2.TestChannels" name="test_list_channels_unauth" time="0.059" /><testcase classname="tests.test_features_v2.TestChannels" name="test_channel_types" time="0.064" /><testcase classname="tests.test_features_v2" name="test_uf_icms_nfe[gross2-PR]" time="0.200" /><testcase classname="tests.test_features_v2.TestChannels" name="test_create_channel_admin" time="0.072" /><testcase classname="tests.test_features_v2.TestChannels" name="test_create_channel_vendedor_forbidden" time="0.063" /><testcase classname="tests.test_features_v2.TestChannels" name="test_create_channel_duplicate_400" time="0.065" /><testcase classname="tests.test_features_v2" name="test_uf_icms_nfe[gross2-MA]" time="0.204" /><testcase classname="tests.test_features_v2.TestChannels" name="test_patch_channel" time="0.141" /><testcase classname="tests.test_features_v2.TestChannels" name="test_delete_channel" time="0.130" /><testcase classname="tests.test_features_v2" name="test_uf_icms_nfe[gross2-RS]" time="0.200" /><testcase classname="tests.test_features_v2.TestChannels" name="test_delete_channel_vendedor_forbidden" time="0.087" /><testcase classname="tests.test_features_v2" name="test_uf_icms_nfe[gross2-SC]" time="0.199" /><testcase classname="tests.test_features_v2.TestChannels" name="test_patch_channel_not_found" time="0.105" /><testcase classname="tests.test_features_v2" name="test_uf_icms_nfe[gross2-BA]" time="0.439" /><testcase classname="tests.test_features_v4.TestContadorWriteBlocked" name="test_mutation_blocked_403[POST-/orders-body0]" time="0.538" /><testcase classname="tests.test_features_v2" name="test_uf_icms_nfe[gross2-PE]" time="0.204" /><testcase classname="tests.test_features_v4.TestContadorWriteBlocked" name="test_mutation_blocked_403[POST-/customers-body1]" time="0.112" /><testcase classname="tests.test_features_v4.TestContadorWriteBlocked" name="test_mutation_blocked_403[POST-/products-body2]" time="0.129" /><testcase classname="tests.test_features_v2" name="test_uf_icms_nfe[gross2-GO]" time="0.277" /><testcase classname="tests.test_features_v4.TestContadorWriteBlocked" name="test_mutation_blocked_403[POST-/leads-body3]" time="0.164" /><testcase classname="tests.test_features_v4.TestContadorWriteBlocked" name="test_mutation_blocked_403[POST-/goals-body4]" time="0.118" /><testcase classname="tests.test_features_v2" name="test_uf_icms_nfe[gross2-ES]" time="0.237" /><testcase classname="tests.test_features_v4.TestContadorWriteBlocked" name="test_mutation_blocked_403[POST-/goals/products-body5]" time="0.108" /><testcase classname="tests.test_features_v4.TestContadorWriteBlocked" name="test_mutation_blocked_403[POST-/dashboard/fiscal_regime?mode=classic-None]" time="0.112" /><testcase classname="tests.test_features_v2" name="test_uf_icms_nfe[gross2-CE]" time="0.197" /><testcase classname="tests.test_features_v4.TestContadorWriteBlocked" name="test_mutation_blocked_403[PATCH-/goals/products/nonexistent-body7]" time="0.115" /><testcase classname="tests.test_features_v4.TestContadorWriteBlocked" name="test_mutation_blocked_403[DELETE-/goals/products/nonexistent-None]" time="0.120" /><testcase classname="tests.test_features_v2" name="test_uf_icms_nfe[gross2-AM]" time="0.223" /><testcase classname="tests.test_features_v4.TestContadorWriteBlocked" name="test_mutation_blocked_403[DELETE-/orders/nonexistent-None]" time="0.128" /><testcase classname="tests.test_features_v4.TestContadorWriteBlocked" name="test_allowlist_paths_still_work_for_contador" time="0.118" /><testcase classname="tests.test_features_v2" name="test_uf_icms_nfe[gross2-PA]" time="0.206" /><testcase classname="tests.test_features_v4.TestContadorReadAccess" name="test_contador_can_read[/dashboard]" time="0.120" /><testcase classname="tests.test_features_v2" name="test_uf_icms_nfe[gross3-SP]" time="0.242" /><testcase classname="tests.test_features_v4.TestContadorReadAccess" name="test_contador_can_read[/dashboard/team_ranking]" time="0.151" /><testcase classname="tests.test_features_v4.TestContadorReadAccess" name="test_contador_can_read[/dashboard/company_goal]" time="0.122" /><testcase classname="tests.test_features_v2" name="test_uf_icms_nfe[gross3-RJ]" time="0.234" /><testcase classname="tests.test_features_v4.TestContadorReadAccess" name="test_contador_can_read[/dashboard/fiscal_regime]" time="0.122" /><testcase classname="tests.test_features_v4.TestContadorReadAccess" name="test_contador_can_read[/reports/invoices.csv]" time="0.151" /><testcase classname="tests.test_features_v2" name="test_uf_icms_nfe[gross3-MG]" time="0.278" /><testcase classname="tests.test_features_v4.TestContadorReadAccess" name="test_contador_can_read[/reports/sped.txt?block=C]" time="0.125" /><testcase classname="tests.test_features_v4.TestContadorReadAccess" name="test_contador_can_read[/reports/sped.txt?block=M]" time="0.126" /><testcase classname="tests.test_features_v2" name="test_uf_icms_nfe[gross3-DF]" time="0.275" /><testcase classname="tests.test_features_v4.TestContadorReadAccess" name="test_contador_can_read[/reports/summary]" time="0.141" /><testcase classname="tests.test_features_v2" name="test_uf_icms_nfe[gross3-PR]" time="0.412" /><testcase classname="tests.test_features_v4.TestContadorReadAccess" name="test_contador_csv_contains_all_invoices" time="0.593"><failure message="AssertionError: admin=75 vs contador=76&#10;assert 75 == 76&#10; +  where 75 = len(['\ufeffEmitida em;Pedido;Tipo;Numero;Serie;Chave de Acesso;Cliente;CPF/CNPJ;UF;Total Bruto;Total Tributos;Total Liquido;ICMS;PIS;COFINS;ISS;IPI\r', '19/09/2026 06:50;4;NFE;82063;1;F38F4D21CD2A4C54FDED90D7DE55F0D5;Distribuidora Carioca;27.434.560/0001-26;RJ;7596,00;2753,55;4842,45;1671,12;125,33;577,30;0,00;379,80\r', '19/09/2026 06:50;19;NFE;62565;1;5B87DD2D9E4774A10BB3A2170147FAF1;Sul Supply PR;84.897.189/0001-47;PR;41487,00;14001,87;27485,13;8089,97;684,54;3153,01;0,00;2074,35\r', '19/09/2026 05:00;75;NFE;4016274;1;315622716986491491AD55ABDEAA72D0;TEST_v2 Cliente DF NFE 2500.00 DF;00570872580710;DF;2500,00;806,25;1693,75;450,00;41,25;190,00;0,00;125,00\r', '19/09/2026 05:00;74;NFE;4015997;1;8E6052443BCE462482B4A73374ADE365;TEST_v2 Cliente MG NFE 2500.00 MG;38389978957467;MG;2500,00;806,25;1693,75;450,00;41,25;190,00;0,00;125,00\r', '19/09/2026 05:00;73;NFE;4015721;1;3F99B4C772684FF2AC1C9C22475AE29D;TEST_v2 Cliente RJ NFE 2500.00 RJ;41906546825036;RJ;2500,00;906,25;1593,75;550,00;41,25;190,00;0,00;125,00\r', ...])&#10; +  and   76 = len(['\ufeffEmitida em;Pedido;Tipo;Numero;Serie;Chave de Acesso;Cliente;CPF/CNPJ;UF;Total Bruto;Total Tributos;Total Liquido;ICMS;PIS;COFINS;ISS;IPI\r', '19/09/2026 06:50;4;NFE;82063;1;F38F4D21CD2A4C54FDED90D7DE55F0D5;Distribuidora Carioca;27.434.560/0001-26;RJ;7596,00;2753,55;4842,45;1671,12;125,33;577,30;0,00;379,80\r', '19/09/2026 06:50;19;NFE;62565;1;5B87DD2D9E4774A10BB3A2170147FAF1;Sul Supply PR;84.897.189/0001-47;PR;41487,00;14001,87;27485,13;8089,97;684,54;3153,01;0,00;2074,35\r', '19/09/2026 05:00;76;NFE;4016728;1;FEFE05AE7F1F4BA59AA854E0A8D350EE;TEST_v2 Cliente PR NFE 2500.00 PR;55159936022725;PR;2500,00;843,75;1656,25;487,50;41,25;190,00;0,00;125,00\r', '19/09/2026 05:00;75;NFE;4016274;1;315622716986491491AD55ABDEAA72D0;TEST_v2 Cliente DF NFE 2500.00 DF;00570872580710;DF;2500,00;806,25;1693,75;450,00;41,25;190,00;0,00;125,00\r', '19/09/2026 05:00;74;NFE;4015997;1;8E6052443BCE462482B4A73374ADE365;TEST_v2 Cliente MG NFE 2500.00 MG;38389978957467;MG;2500,00;806,25;1693,75;450,00;41,25;190,00;0,00;125,00\r', ...])">E   AssertionError: admin=75 vs contador=76
    assert 75 == 76
     +  where 75 = len(['\ufeffEmitida em;Pedido;Tipo;Numero;Serie;Chave de Acesso;Cliente;CPF/CNPJ;UF;Total Bruto;Total Tributos;Total Liquido;ICMS;PIS;COFINS;ISS;IPI\r', '19/09/2026 06:50;4;NFE;82063;1;F38F4D21CD2A4C54FDED90D7DE55F0D5;Distribuidora Carioca;27.434.560/0001-26;RJ;7596,00;2753,55;4842,45;1671,12;125,33;577,30;0,00;379,80\r', '19/09/2026 06:50;19;NFE;62565;1;5B87DD2D9E4774A10BB3A2170147FAF1;Sul Supply PR;84.897.189/0001-47;PR;41487,00;14001,87;27485,13;8089,97;684,54;3153,01;0,00;2074,35\r', '19/09/2026 05:00;75;NFE;4016274;1;315622716986491491AD55ABDEAA72D0;TEST_v2 Cliente DF NFE 2500.00 DF;00570872580710;DF;2500,00;806,25;1693,75;450,00;41,25;190,00;0,00;125,00\r', '19/09/2026 05:00;74;NFE;4015997;1;8E6052443BCE462482B4A73374ADE365;TEST_v2 Cliente MG NFE 2500.00 MG;38389978957467;MG;2500,00;806,25;1693,75;450,00;41,25;190,00;0,00;125,00\r', '19/09/2026 05:00;73;NFE;4015721;1;3F99B4C772684FF2AC1C9C22475AE29D;TEST_v2 Cliente RJ NFE 2500.00 RJ;41906546825036;RJ;2500,00;906,25;1593,75;550,00;41,25;190,00;0,00;125,00\r', ...])
     +  and   76 = len(['\ufeffEmitida em;Pedido;Tipo;Numero;Serie;Chave de Acesso;Cliente;CPF/CNPJ;UF;Total Bruto;Total Tributos;Total Liquido;ICMS;PIS;COFINS;ISS;IPI\r', '19/09/2026 06:50;4;NFE;82063;1;F38F4D21CD2A4C54FDED90D7DE55F0D5;Distribuidora Carioca;27.434.560/0001-26;RJ;7596,00;2753,55;4842,45;1671,12;125,33;577,30;0,00;379,80\r', '19/09/2026 06:50;19;NFE;62565;1;5B87DD2D9E4774A10BB3A2170147FAF1;Sul Supply PR;84.897.189/0001-47;PR;41487,00;14001,87;27485,13;8089,97;684,54;3153,01;0,00;2074,35\r', '19/09/2026 05:00;76;NFE;4016728;1;FEFE05AE7F1F4BA59AA854E0A8D350EE;TEST_v2 Cliente PR NFE 2500.00 PR;55159936022725;PR;2500,00;843,75;1656,25;487,50;41,25;190,00;0,00;125,00\r', '19/09/2026 05:00;75;NFE;4016274;1;315622716986491491AD55ABDEAA72D0;TEST_v2 Cliente DF NFE 2500.00 DF;00570872580710;DF;2500,00;806,25;1693,75;450,00;41,25;190,00;0,00;125,00\r', '19/09/2026 05:00;74;NFE;4015997;1;8E6052443BCE462482B4A73374ADE365;TEST_v2 Cliente MG NFE 2500.00 MG;38389978957467;MG;2500,00;806,25;1693,75;450,00;41,25;190,00;0,00;125,00\r', ...])</failure></testcase><testcase classname="tests.test_features_v2" name="test_uf_icms_nfe[gross3-MA]" time="0.229" /><testcase classname="tests.test_features_v2" name="test_uf_icms_nfe[gross3-RS]" time="0.390" /><testcase classname="tests.test_features_v2.TestReports" name="test_export_csv_admin" time="0.420" /><testcase classname="tests.test_features_v2.TestReports" name="test_export_csv_headers" time="0.080" /><testcase classname="tests.test_features_v2.TestReports" name="test_export_csv_semicolon_delimiter" time="0.079" /><testcase classname="tests.test_features_v2" name="test_uf_icms_nfe[gross3-SC]" time="0.243" /><testcase classname="tests.test_features_v2.TestReports" name="test_export_csv_month_filter" time="0.075" /><testcase classname="tests.test_features_v2" name="test_uf_icms_nfe[gross3-BA]" time="0.375" /><testcase classname="tests.test_features_v2.TestReports" name="test_export_csv_vendedor_scoped" time="0.390" /><testcase classname="tests.test_features_v2.TestReports" name="test_export_csv_unauth" time="0.060" /><testcase classname="tests.test_features_v2.TestReports" name="test_report_summary" time="0.077" /><testcase classname="tests.test_features_v2" name="test_uf_icms_nfe[gross3-PE]" time="0.215" /><testcase classname="tests.test_features_v2.TestReports" name="test_report_summary_vendedor" time="0.075" /><testcase classname="tests.test_features_v2" name="test_uf_icms_nfe[gross3-GO]" time="0.445" /><testcase classname="tests.test_features_v3.TestDataVolume" name="test_min_20_leads" time="0.403" /><testcase classname="tests.test_features_v3.TestDataVolume" name="test_leads_all_6_statuses" time="0.060" /><testcase classname="tests.test_features_v2" name="test_uf_icms_nfe[gross3-ES]" time="0.242" /><testcase classname="tests.test_features_v3.TestDataVolume" name="test_min_15_customers_with_state" time="0.066" /><testcase classname="tests.test_features_v3.TestDataVolume" name="test_min_customers_lgpd_consent" time="0.000" /><testcase classname="tests.test_features_v3.TestDataVolume" name="test_min_20_invoiced_orders" time="0.072" /><testcase classname="tests.test_features_v3.TestDataVolume" name="test_min_7_active_channels" time="0.062" /><testcase classname="tests.test_features_v2" name="test_uf_icms_nfe[gross3-CE]" time="0.439" /><testcase classname="tests.test_features_v2" name="test_uf_icms_nfe[gross3-AM]" time="0.200" /><testcase classname="tests.test_features_v2" name="test_uf_icms_nfe[gross3-PA]" time="0.220" /><testcase classname="tests.test_features_v4.TestProductGoalsCRUD" name="test_create_product_goal" time="0.867" /><testcase classname="tests.test_features_v4.TestProductGoalsCRUD" name="test_upsert_product_goal_on_duplicate" time="0.250" /><testcase classname="tests.test_features_v2" name="test_uf_icms_nfe[gross4-SP]" time="0.244" /><testcase classname="tests.test_features_v4.TestProductGoalsCRUD" name="test_patch_product_goal" time="0.347" /><testcase classname="tests.test_features_v2" name="test_uf_icms_nfe[gross4-RJ]" time="0.199" /><testcase classname="tests.test_features_v2" name="test_uf_icms_nfe[gross4-MG]" time="0.203" /><testcase classname="tests.test_features_v4.TestProductGoalsCRUD" name="test_delete_product_goal_and_verify" time="0.382" /><testcase classname="tests.test_features_v2" name="test_uf_icms_nfe[gross4-DF]" time="0.210" /><testcase classname="tests.test_features_v2" name="test_uf_icms_nfe[gross4-PR]" time="0.400" /><testcase classname="tests.test_features_v2" name="test_uf_icms_nfe[gross4-MA]" time="0.246" /><testcase classname="tests.test_features_v4.TestProductGoalsCRUD" name="test_vendedor_sees_only_own_goals" time="0.694" /><testcase classname="tests.test_features_v2" name="test_uf_icms_nfe[gross4-RS]" time="0.241" /><testcase classname="tests.test_features_v4.TestProductGoalsCRUD" name="test_vendedor_cannot_create_product_goal" time="0.162" /><testcase classname="tests.test_features_v2" name="test_uf_icms_nfe[gross4-SC]" time="0.417" /><testcase classname="tests.test_features_v2" name="test_uf_icms_nfe[gross4-BA]" time="0.239" /><testcase classname="tests.test_features_v2" name="test_uf_icms_nfe[gross4-PE]" time="0.204" /><testcase classname="tests.test_features_v2" name="test_uf_icms_nfe[gross4-GO]" time="0.239" /><testcase classname="tests.test_features_v2" name="test_uf_icms_nfe[gross4-ES]" time="0.281" /><testcase classname="tests.test_features_v2" name="test_uf_icms_nfe[gross4-CE]" time="0.213" /><testcase classname="tests.test_features_v2" name="test_uf_icms_nfe[gross4-AM]" time="0.281" /><testcase classname="tests.test_features_v2" name="test_uf_icms_nfe[gross4-PA]" time="0.281" /><testcase classname="tests.test_features_v2" name="test_uf_iss_nfse[gross0-SP]" time="0.200" /><testcase classname="tests.test_features_v2" name="test_uf_iss_nfse[gross0-RJ]" time="0.255" /><testcase classname="tests.test_features_v2" name="test_uf_iss_nfse[gross0-MG]" time="0.203" /><testcase classname="tests.test_features_v2" name="test_uf_iss_nfse[gross0-DF]" time="0.199" /><testcase classname="tests.test_features_v2" name="test_uf_iss_nfse[gross0-PR]" time="0.243" /><testcase classname="tests.test_features_v2" name="test_uf_iss_nfse[gross0-MA]" time="0.211" /><testcase classname="tests.test_features_v2" name="test_uf_iss_nfse[gross0-RS]" time="0.199" /><testcase classname="tests.test_features_v2" name="test_uf_iss_nfse[gross0-SC]" time="0.192" /><testcase classname="tests.test_features_v2" name="test_uf_iss_nfse[gross0-BA]" time="0.201" /><testcase classname="tests.test_features_v2" name="test_uf_iss_nfse[gross0-PE]" time="0.240" /><testcase classname="tests.test_features_v2" name="test_uf_iss_nfse[gross0-GO]" time="0.242" /><testcase classname="tests.test_features_v2" name="test_uf_iss_nfse[gross0-ES]" time="0.198" /><testcase classname="tests.test_features_v3.TestInvoiceMath" name="test_invoices_fetched" time="4.673" /><testcase classname="tests.test_features_v3.TestInvoiceMath" name="test_invoice_total_taxes_equals_sum_of_tax_rows" time="0.001" /><testcase classname="tests.test_features_v3.TestInvoiceMath" name="test_invoice_total_net_equals_gross_minus_taxes" time="0.000" /><testcase classname="tests.test_features_v3.TestInvoiceMath" name="test_every_tax_amount_equals_base_times_rate" time="0.001" /><testcase classname="tests.test_features_v3.TestInvoiceMath" name="test_invoice_base_equals_order_gross" time="0.001" /><testcase classname="tests.test_features_v3.TestMarketplaceSync" name="test_sync_success_row" time="0.145" /><testcase classname="tests.test_features_v2" name="test_uf_iss_nfse[gross0-CE]" time="0.204" /><testcase classname="tests.test_features_v3.TestMarketplaceSync" name="test_sync_creates_notification" time="0.200" /><testcase classname="tests.test_features_v2" name="test_uf_iss_nfse[gross0-AM]" time="0.425" /><testcase classname="tests.test_features_v3.TestMarketplaceSync" name="test_sync_unknown_channel_404" time="0.062" /><testcase classname="tests.test_features_v3.TestMarketplaceSync" name="test_sync_vendedor_forbidden" time="0.353" /><testcase classname="tests.test_features_v2" name="test_uf_iss_nfse[gross0-PA]" time="0.205" /><testcase classname="tests.test_features_v3.TestMarketplaceSync" name="test_syncs_list" time="0.066" /><testcase classname="tests.test_features_v3.TestTeamRanking" name="test_ranking_returns_list_ranked" time="0.073" /><testcase classname="tests.test_features_v3.TestTeamRanking" name="test_ranking_sorted_desc_by_achieved" time="0.069" /><testcase classname="tests.test_features_v2" name="test_uf_iss_nfse[gross1-SP]" time="0.216" /><testcase classname="tests.test_features_v3.TestTeamRanking" name="test_ranking_contains_expected_fields" time="0.076" /><testcase classname="tests.test_features_v3.TestTeamRanking" name="test_ranking_vendedor_can_access" time="0.071" /><testcase classname="tests.test_features_v3.TestNotifications" name="test_list_admin" time="0.066" /><testcase classname="tests.test_features_v2" name="test_uf_iss_nfse[gross1-RJ]" time="0.202" /><testcase classname="tests.test_features_v3.TestNotifications" name="test_unread_count_matches" time="0.124" /><testcase classname="tests.test_features_v3.TestNotifications" name="test_mark_read_flips_flag" time="0.128" /><testcase classname="tests.test_features_v2" name="test_uf_iss_nfse[gross1-MG]" time="0.237" /><testcase classname="tests.test_features_v3.TestNotifications" name="test_mark_all_read_zero" time="0.124" /><testcase classname="tests.test_features_v2" name="test_uf_iss_nfse[gross1-DF]" time="0.429" /><testcase classname="tests.test_features_v4.TestFiscalRegimePersistence" name="test_set_regime_reforma_persists_immediately" time="0.665" /><testcase classname="tests.test_features_v2" name="test_uf_iss_nfse[gross1-PR]" time="0.239"><failure message="assert None is not None">E   assert None is not None</failure></testcase><testcase classname="tests.test_features_v2" name="test_uf_iss_nfse[gross1-MA]" time="0.423"><failure message="assert None is not None">E   assert None is not None</failure></testcase><testcase classname="tests.test_features_v4.TestFiscalRegimePersistence" name="test_set_regime_requires_admin" time="0.473" /><testcase classname="tests.test_features_v2" name="test_uf_iss_nfse[gross1-RS]" time="0.238"><failure message="assert None is not None">E   assert None is not None</failure></testcase><testcase classname="tests.test_features_v4.TestFiscalRegimePersistence" name="test_set_regime_invalid_mode" time="0.125" /><testcase classname="tests.test_features_v4.TestFiscalRegimePersistence" name="test_persistence_survives_backend_restart" time="2.922" /><testcase classname="tests.test_features_v2" name="test_uf_iss_nfse[gross1-SC]" time="0.237"><failure message="assert None is not None">E   assert None is not None</failure></testcase><testcase classname="tests.test_features_v2" name="test_uf_iss_nfse[gross1-BA]" time="0.310"><failure message="AssertionError: &lt;!DOCTYPE html&gt;&#10;  &lt;!--[if lt IE 7]&gt; &lt;html class=&quot;no-js ie6 oldie&quot; lang=&quot;en-US&quot;&gt; &lt;![endif]--&gt;&#10;  &lt;!--[if IE 7]&gt;    &lt;html class=&quot;no-js ie7 oldie&quot; lang=&quot;en-US&quot;&gt; &lt;![endif]--&gt;&#10;  &lt;!--[if IE 8]&gt;    &lt;html class=&quot;no-js ie8 oldie&quot; lang=&quot;en-US&quot;&gt; &lt;![endif]--&gt;&#10;  &lt;!--[if gt IE 8]&gt;&lt;!--&gt; &lt;html class=&quot;no-js&quot; lang=&quot;en-US&quot;&gt; &lt;!--&lt;![endif]--&gt;&#10;  &lt;head&gt;&#10;  &#10;  &lt;title&gt;preview.emergentagent.com | 502: Bad gateway&lt;/title&gt;&#10;  &lt;meta charset=&quot;UTF-8&quot; /&gt;&#10;  &lt;meta http-equiv=&quot;Content-Type&quot; content=&quot;text/html; charset=UTF-8&quot; /&gt;&#10;  &lt;meta http-equiv=&quot;X-UA-Compatible&quot; content=&quot;IE=Edge&quot; /&gt;&#10;  &lt;meta name=&quot;robots&quot; content=&quot;noindex, nofollow&quot; /&gt;&#10;  &lt;meta name=&quot;viewport&quot; content=&quot;width=device-width,initial-scale=1&quot; /&gt;&#10;  &lt;link rel=&quot;stylesheet&quot; id=&quot;cf_styles-css&quot; href=&quot;/cdn-cgi/styles/main.css&quot; /&gt;&#10;  &lt;/head&gt;&#10;  &lt;body&gt;&#10;  &lt;div id=&quot;cf-wrapper&quot;&gt;&#10;      &lt;div id=&quot;cf-error-details&quot; class=&quot;p-0&quot;&gt;&#10;          &lt;header class=&quot;mx-auto pt-10 lg:pt-6 lg:px-8 w-240 lg:w-full mb-8&quot;&gt;&#10;              &lt;h1 class=&quot;inline-block sm:block sm:mb-2 font-light text-60 lg:text-4xl text-black-dark leading-tight mr-2&quot;&gt;&#10;                  &lt;span class=&quot;inline-block&quot;&gt;Bad gateway&lt;/span&gt;&#10;                  &lt;span class=&quot;code-label&quot;&gt;Error code 502&lt;/span&gt;&#10;              &lt;/h1&gt;&#10;              &lt;div&gt;&#10;                  Visit &lt;a href=&quot;https://www.cloudflare.com/5xx-error-landing?utm_source=errorcode_502&amp;utm_campaign=sales-crm-pro-9.cluster-12.preview.emergentcf.cloud&quot; target=&quot;_blank&quot; rel=&quot;noopener noreferrer&quot;&gt;cloudflare.com&lt;/a&gt; for more information.&#10;              &lt;/div&gt;&#10;              &lt;div class=&quot;mt-3&quot;&gt;2026-09-19 05:00:29 UTC&lt;/div&gt;&#10;          &lt;/header&gt;&#10;          &lt;div class=&quot;my-8 bg-gradient-gray&quot;&gt;&#10;              &lt;div class=&quot;w-240 lg:w-full mx-auto&quot;&gt;&#10;                  &lt;div class=&quot;clearfix md:px-8&quot;&gt;&#10;                      &lt;div id=&quot;cf-browser-status&quot; class=&quot; relative w-1/3 md:w-full py-15 md:p-0 md:py-8 md:text-left md:border-solid md:border-0 md:border-b md:border-gray-400 overflow-hidden float-left md:float-none text-center&quot;&gt;&#10;    &lt;div class=&quot;relative mb-10 md:m-0&quot;&gt;&#10;      &#10;      &lt;span class=&quot;cf-icon-browser block md:hidden h-20 bg-center bg-no-repeat&quot;&gt;&lt;/span&gt;&#10;      &lt;span class=&quot;cf-icon-ok w-12 h-12 absolute left-1/2 md:left-auto md:right-0 md:top-0 -ml-6 -bottom-4&quot;&gt;&lt;/span&gt;&#10;      &#10;    &lt;/div&gt;&#10;    &lt;span class=&quot;md:block w-full truncate&quot;&gt;You&lt;/span&gt;&#10;    &lt;h3 class=&quot;md:inline-block mt-3 md:mt-0 text-2xl text-gray-600 font-light leading-1.3&quot;&gt;&#10;    &#10;      Browser&#10;    &#10;    &lt;/h3&gt;&#10;    &#10;    &lt;span class=&quot;leading-1.3 text-2xl text-green-success&quot;&gt;Working&lt;/span&gt;&#10;    &#10;  &lt;/div&gt;&#10;                      &lt;div id=&quot;cf-cloudflare-status&quot; class=&quot; relative w-1/3 md:w-full py-15 md:p-0 md:py-8 md:text-left md:border-solid md:border-0 md:border-b md:border-gray-400 overflow-hidden float-left md:float-none text-center&quot;&gt;&#10;    &lt;div class=&quot;relative mb-10 md:m-0&quot;&gt;&#10;      &lt;a href=&quot;https://www.cloudflare.com/5xx-error-landing?utm_source=errorcode_502&amp;#38;utm_campaign=sales-crm-pro-9.cluster-12.preview.emergentcf.cloud&quot; target=&quot;_blank&quot; rel=&quot;noopener noreferrer&quot;&gt;&#10;      &lt;span class=&quot;cf-icon-cloud block md:hidden h-20 bg-center bg-no-repeat&quot;&gt;&lt;/span&gt;&#10;      &lt;span class=&quot;cf-icon-ok w-12 h-12 absolute left-1/2 md:left-auto md:right-0 md:top-0 -ml-6 -bottom-4&quot;&gt;&lt;/span&gt;&#10;      &lt;/a&gt;&#10;    &lt;/div&gt;&#10;    &lt;span class=&quot;md:block w-full truncate&quot;&gt;Chicago&lt;/span&gt;&#10;    &lt;h3 class=&quot;md:inline-block mt-3 md:mt-0 text-2xl text-gray-600 font-light leading-1.3&quot;&gt;&#10;    &lt;a href=&quot;https://www.cloudflare.com/5xx-error-landing?utm_source=errorcode_502&amp;utm_campaign=sales-crm-pro-9.cluster-12.preview.emergentcf.cloud&quot; target=&quot;_blank&quot; rel=&quot;noopener noreferrer&quot;&gt;&#10;      Cloudflare&#10;    &lt;/a&gt;&#10;    &lt;/h3&gt;&#10;    &#10;    &lt;span class=&quot;leading-1.3 text-2xl text-green-success&quot;&gt;Working&lt;/span&gt;&#10;    &#10;  &lt;/div&gt;&#10;                      &lt;div id=&quot;cf-host-status&quot; class=&quot;cf-error-source relative w-1/3 md:w-full py-15 md:p-0 md:py-8 md:text-left md:border-solid md:border-0 md:border-b md:border-gray-400 overflow-hidden float-left md:float-none text-center&quot;&gt;&#10;    &lt;div class=&quot;relative mb-10 md:m-0&quot;&gt;&#10;      &#10;      &lt;span class=&quot;cf-icon-server block md:hidden h-20 bg-center bg-no-repeat&quot;&gt;&lt;/span&gt;&#10;      &lt;span class=&quot;cf-icon-error w-12 h-12 absolute left-1/2 md:left-auto md:right-0 md:top-0 -ml-6 -bottom-4&quot;&gt;&lt;/span&gt;&#10;      &#10;    &lt;/div&gt;&#10;    &lt;span class=&quot;md:block w-full truncate&quot;&gt;sales-crm-pro-9.cluster-12.preview.emergentcf.cloud&lt;/span&gt;&#10;    &lt;h3 class=&quot;md:inline-block mt-3 md:mt-0 text-2xl text-gray-600 font-light leading-1.3&quot;&gt;&#10;    &#10;      Host&#10;    &#10;    &lt;/h3&gt;&#10;    &#10;    &lt;span class=&quot;leading-1.3 text-2xl text-red-error&quot;&gt;Error&lt;/span&gt;&#10;    &#10;  &lt;/div&gt;&#10;                  &lt;/div&gt;&#10;              &lt;/div&gt;&#10;          &lt;/div&gt;&#10;  &#10;          &lt;div class=&quot;w-240 lg:w-full mx-auto mb-8 lg:px-8&quot;&gt;&#10;              &lt;div class=&quot;clearfix&quot;&gt;&#10;                  &lt;div class=&quot;w-1/2 md:w-full float-left pr-6 md:pb-10 md:pr-0 leading-relaxed&quot;&gt;&#10;                      &lt;h2 class=&quot;text-3xl font-normal leading-1.3 mb-4&quot;&gt;What happened?&lt;/h2&gt;&#10;                      &lt;p&gt;The web server reported a bad gateway error.&lt;/p&gt;&#10;                  &lt;/div&gt;&#10;                  &lt;div class=&quot;w-1/2 md:w-full float-left leading-relaxed&quot;&gt;&#10;                      &lt;h2 class=&quot;text-3xl font-normal leading-1.3 mb-4&quot;&gt;What can I do?&lt;/h2&gt;&#10;                      &lt;p class=&quot;mb-6&quot;&gt;Please try again in a few minutes.&lt;/p&gt;&#10;                  &lt;/div&gt;&#10;              &lt;/div&gt;&#10;          &lt;/div&gt;&#10;  &#10;          &lt;div class=&quot;cf-error-footer cf-wrapper w-240 lg:w-full py-10 sm:py-4 sm:px-8 mx-auto text-center sm:text-left border-solid border-0 border-t border-gray-300&quot;&gt;&#10;      &lt;p class=&quot;text-13&quot;&gt;&#10;        &lt;span class=&quot;cf-footer-item sm:block sm:mb-1&quot;&gt;Cloudflare Ray ID: &lt;strong class=&quot;font-semibold&quot;&gt;a3d606eb6ef82972&lt;/strong&gt;&lt;/span&gt;&#10;        &lt;span class=&quot;cf-footer-separator sm:hidden&quot;&gt;&amp;bull;&lt;/span&gt;&#10;        &lt;span id=&quot;cf-footer-item-ip&quot; class=&quot;cf-footer-item hidden sm:block sm:mb-1&quot;&gt;&#10;          Your IP:&#10;          &lt;button type=&quot;button&quot; id=&quot;cf-footer-ip-reveal&quot; class=&quot;cf-footer-ip-reveal-btn&quot;&gt;Click to reveal&lt;/button&gt;&#10;          &lt;span class=&quot;hidden&quot; id=&quot;cf-footer-ip&quot;&gt;104.198.214.223&lt;/span&gt;&#10;          &lt;span class=&quot;cf-footer-separator sm:hidden&quot;&gt;&amp;bull;&lt;/span&gt;&#10;        &lt;/span&gt;&#10;        &lt;span class=&quot;cf-footer-item sm:block sm:mb-1&quot;&gt;&lt;span&gt;Performance &amp;amp; security by&lt;/span&gt; &lt;a rel=&quot;noopener noreferrer&quot; href=&quot;https://www.cloudflare.com/5xx-error-landing?utm_source=errorcode_502&amp;#38;utm_campaign=sales-crm-pro-9.cluster-12.preview.emergentcf.cloud&quot; id=&quot;brand_link&quot; target=&quot;_blank&quot;&gt;Cloudflare&lt;/a&gt;&lt;/span&gt;&#10;        &#10;      &lt;/p&gt;&#10;      &lt;script&gt;(function(){function d(){var b=a.getElementById(&quot;cf-footer-item-ip&quot;),c=a.getElementById(&quot;cf-footer-ip-reveal&quot;);b&amp;&amp;&quot;classList&quot;in b&amp;&amp;(b.classList.remove(&quot;hidden&quot;),c.addEventListener(&quot;click&quot;,function(){c.classList.add(&quot;hidden&quot;);a.getElementById(&quot;cf-footer-ip&quot;).classList.remove(&quot;hidden&quot;)}))}var a=document;document.addEventListener&amp;&amp;a.addEventListener(&quot;DOMContentLoaded&quot;,d)})();&lt;/script&gt;&#10;    &lt;/div&gt;&lt;!-- /.error-footer --&gt;&#10;  &#10;      &lt;/div&gt;&#10;  &lt;/div&gt;&#10;  &lt;script&gt;(function(){function c(){var b=a.contentDocument||(a.contentWindow&amp;&amp;a.contentWindow.document);if(b){var d=b.createElement('script');d.innerHTML=&quot;window.__CF$cv$params={r:'a3d606eb59d72972',t:'MTc4OTc5NDAyOQ=='};var a=document.createElement('script');a.src='/cdn-cgi/challenge-platform/scripts/jsd/main.js';document.getElementsByTagName('head')[0].appendChild(a);&quot;;b.getElementsByTagName('head')[0].appendChild(d)}}if(document.body){var a=document.createElement('iframe');a.height=1;a.width=1;a.style.position='absolute';a.style.top=0;a.style.left=0;a.style.border='none';a.style.visibility='hidden';document.body.appendChild(a);if('loading'!==document.readyState)c();else if(window.addEventListener)document.addEventListener('DOMContentLoaded',c);else{var e=document.onreadystatechange||function(){};document.onreadystatechange=function(b){e(b);'loading'!==document.readyState&amp;&amp;(document.onreadystatechange=e,c())}}}})();&lt;/script&gt;&lt;/body&gt;&#10;  &lt;/html&gt;&#10;assert 502 == 200&#10; +  where 502 = &lt;Response [502]&gt;.status_code">E   AssertionError: &lt;!DOCTYPE html&gt;
      &lt;!--[if lt IE 7]&gt; &lt;html class="no-js ie6 oldie" lang="en-US"&gt; &lt;![endif]--&gt;
      &lt;!--[if IE 7]&gt;    &lt;html class="no-js ie7 oldie" lang="en-US"&gt; &lt;![endif]--&gt;
      &lt;!--[if IE 8]&gt;    &lt;html class="no-js ie8 oldie" lang="en-US"&gt; &lt;![endif]--&gt;
      &lt;!--[if gt IE 8]&gt;&lt;!--&gt; &lt;html class="no-js" lang="en-US"&gt; &lt;!--&lt;![endif]--&gt;
      &lt;head&gt;
      
      &lt;title&gt;preview.emergentagent.com | 502: Bad gateway&lt;/title&gt;
      &lt;meta charset="UTF-8" /&gt;
      &lt;meta http-equiv="Content-Type" content="text/html; charset=UTF-8" /&gt;
      &lt;meta http-equiv="X-UA-Compatible" content="IE=Edge" /&gt;
      &lt;meta name="robots" content="noindex, nofollow" /&gt;
      &lt;meta name="viewport" content="width=device-width,initial-scale=1" /&gt;
      &lt;link rel="stylesheet" id="cf_styles-css" href="/cdn-cgi/styles/main.css" /&gt;
      &lt;/head&gt;
      &lt;body&gt;
      &lt;div id="cf-wrapper"&gt;
          &lt;div id="cf-error-details" class="p-0"&gt;
              &lt;header class="mx-auto pt-10 lg:pt-6 lg:px-8 w-240 lg:w-full mb-8"&gt;
                  &lt;h1 class="inline-block sm:block sm:mb-2 font-light text-60 lg:text-4xl text-black-dark leading-tight mr-2"&gt;
                      &lt;span class="inline-block"&gt;Bad gateway&lt;/span&gt;
                      &lt;span class="code-label"&gt;Error code 502&lt;/span&gt;
                  &lt;/h1&gt;
                  &lt;div&gt;
                      Visit &lt;a href="https://www.cloudflare.com/5xx-error-landing?utm_source=errorcode_502&amp;utm_campaign=sales-crm-pro-9.cluster-12.preview.emergentcf.cloud" target="_blank" rel="noopener noreferrer"&gt;cloudflare.com&lt;/a&gt; for more information.
                  &lt;/div&gt;
                  &lt;div class="mt-3"&gt;2026-09-19 05:00:29 UTC&lt;/div&gt;
              &lt;/header&gt;
              &lt;div class="my-8 bg-gradient-gray"&gt;
                  &lt;div class="w-240 lg:w-full mx-auto"&gt;
                      &lt;div class="clearfix md:px-8"&gt;
                          &lt;div id="cf-browser-status" class=" relative w-1/3 md:w-full py-15 md:p-0 md:py-8 md:text-left md:border-solid md:border-0 md:border-b md:border-gray-400 overflow-hidden float-left md:float-none text-center"&gt;
        &lt;div class="relative mb-10 md:m-0"&gt;
          
          &lt;span class="cf-icon-browser block md:hidden h-20 bg-center bg-no-repeat"&gt;&lt;/span&gt;
          &lt;span class="cf-icon-ok w-12 h-12 absolute left-1/2 md:left-auto md:right-0 md:top-0 -ml-6 -bottom-4"&gt;&lt;/span&gt;
          
        &lt;/div&gt;
        &lt;span class="md:block w-full truncate"&gt;You&lt;/span&gt;
        &lt;h3 class="md:inline-block mt-3 md:mt-0 text-2xl text-gray-600 font-light leading-1.3"&gt;
        
          Browser
        
        &lt;/h3&gt;
        
        &lt;span class="leading-1.3 text-2xl text-green-success"&gt;Working&lt;/span&gt;
        
      &lt;/div&gt;
                          &lt;div id="cf-cloudflare-status" class=" relative w-1/3 md:w-full py-15 md:p-0 md:py-8 md:text-left md:border-solid md:border-0 md:border-b md:border-gray-400 overflow-hidden float-left md:float-none text-center"&gt;
        &lt;div class="relative mb-10 md:m-0"&gt;
          &lt;a href="https://www.cloudflare.com/5xx-error-landing?utm_source=errorcode_502&amp;#38;utm_campaign=sales-crm-pro-9.cluster-12.preview.emergentcf.cloud" target="_blank" rel="noopener noreferrer"&gt;
          &lt;span class="cf-icon-cloud block md:hidden h-20 bg-center bg-no-repeat"&gt;&lt;/span&gt;
          &lt;span class="cf-icon-ok w-12 h-12 absolute left-1/2 md:left-auto md:right-0 md:top-0 -ml-6 -bottom-4"&gt;&lt;/span&gt;
          &lt;/a&gt;
        &lt;/div&gt;
        &lt;span class="md:block w-full truncate"&gt;Chicago&lt;/span&gt;
        &lt;h3 class="md:inline-block mt-3 md:mt-0 text-2xl text-gray-600 font-light leading-1.3"&gt;
        &lt;a href="https://www.cloudflare.com/5xx-error-landing?utm_source=errorcode_502&amp;utm_campaign=sales-crm-pro-9.cluster-12.preview.emergentcf.cloud" target="_blank" rel="noopener noreferrer"&gt;
          Cloudflare
        &lt;/a&gt;
        &lt;/h3&gt;
        
        &lt;span class="leading-1.3 text-2xl text-green-success"&gt;Working&lt;/span&gt;
        
      &lt;/div&gt;
                          &lt;div id="cf-host-status" class="cf-error-source relative w-1/3 md:w-full py-15 md:p-0 md:py-8 md:text-left md:border-solid md:border-0 md:border-b md:border-gray-400 overflow-hidden float-left md:float-none text-center"&gt;
        &lt;div class="relative mb-10 md:m-0"&gt;
          
          &lt;span class="cf-icon-server block md:hidden h-20 bg-center bg-no-repeat"&gt;&lt;/span&gt;
          &lt;span class="cf-icon-error w-12 h-12 absolute left-1/2 md:left-auto md:right-0 md:top-0 -ml-6 -bottom-4"&gt;&lt;/span&gt;
          
        &lt;/div&gt;
        &lt;span class="md:block w-full truncate"&gt;sales-crm-pro-9.cluster-12.preview.emergentcf.cloud&lt;/span&gt;
        &lt;h3 class="md:inline-block mt-3 md:mt-0 text-2xl text-gray-600 font-light leading-1.3"&gt;
        
          Host
        
        &lt;/h3&gt;
        
        &lt;span class="leading-1.3 text-2xl text-red-error"&gt;Error&lt;/span&gt;
        
      &lt;/div&gt;
                      &lt;/div&gt;
                  &lt;/div&gt;
              &lt;/div&gt;
      
              &lt;div class="w-240 lg:w-full mx-auto mb-8 lg:px-8"&gt;
                  &lt;div class="clearfix"&gt;
                      &lt;div class="w-1/2 md:w-full float-left pr-6 md:pb-10 md:pr-0 leading-relaxed"&gt;
                          &lt;h2 class="text-3xl font-normal leading-1.3 mb-4"&gt;What happened?&lt;/h2&gt;
                          &lt;p&gt;The web server reported a bad gateway error.&lt;/p&gt;
                      &lt;/div&gt;
                      &lt;div class="w-1/2 md:w-full float-left leading-relaxed"&gt;
                          &lt;h2 class="text-3xl font-normal leading-1.3 mb-4"&gt;What can I do?&lt;/h2&gt;
                          &lt;p class="mb-6"&gt;Please try again in a few minutes.&lt;/p&gt;
                      &lt;/div&gt;
                  &lt;/div&gt;
              &lt;/div&gt;
      
              &lt;div class="cf-error-footer cf-wrapper w-240 lg:w-full py-10 sm:py-4 sm:px-8 mx-auto text-center sm:text-left border-solid border-0 border-t border-gray-300"&gt;
          &lt;p class="text-13"&gt;
            &lt;span class="cf-footer-item sm:block sm:mb-1"&gt;Cloudflare Ray ID: &lt;strong class="font-semibold"&gt;a3d606eb6ef82972&lt;/strong&gt;&lt;/span&gt;
            &lt;span class="cf-footer-separator sm:hidden"&gt;&amp;bull;&lt;/span&gt;
            &lt;span id="cf-footer-item-ip" class="cf-footer-item hidden sm:block sm:mb-1"&gt;
              Your IP:
              &lt;button type="button" id="cf-footer-ip-reveal" class="cf-footer-ip-reveal-btn"&gt;Click to reveal&lt;/button&gt;
              &lt;span class="hidden" id="cf-footer-ip"&gt;104.198.214.223&lt;/span&gt;
              &lt;span class="cf-footer-separator sm:hidden"&gt;&amp;bull;&lt;/span&gt;
            &lt;/span&gt;
            &lt;span class="cf-footer-item sm:block sm:mb-1"&gt;&lt;span&gt;Performance &amp;amp; security by&lt;/span&gt; &lt;a rel="noopener noreferrer" href="https://www.cloudflare.com/5xx-error-landing?utm_source=errorcode_502&amp;#38;utm_campaign=sales-crm-pro-9.cluster-12.preview.emergentcf.cloud" id="brand_link" target="_blank"&gt;Cloudflare&lt;/a&gt;&lt;/span&gt;
            
          &lt;/p&gt;
          &lt;script&gt;(function(){function d(){var b=a.getElementById("cf-footer-item-ip"),c=a.getElementById("cf-footer-ip-reveal");b&amp;&amp;"classList"in b&amp;&amp;(b.classList.remove("hidden"),c.addEventListener("click",function(){c.classList.add("hidden");a.getElementById("cf-footer-ip").classList.remove("hidden")}))}var a=document;document.addEventListener&amp;&amp;a.addEventListener("DOMContentLoaded",d)})();&lt;/script&gt;
        &lt;/div&gt;&lt;!-- /.error-footer --&gt;
      
          &lt;/div&gt;
      &lt;/div&gt;
      &lt;script&gt;(function(){function c(){var b=a.contentDocument||(a.contentWindow&amp;&amp;a.contentWindow.document);if(b){var d=b.createElement('script');d.innerHTML="window.__CF$cv$params={r:'a3d606eb59d72972',t:'MTc4OTc5NDAyOQ=='};var a=document.createElement('script');a.src='/cdn-cgi/challenge-platform/scripts/jsd/main.js';document.getElementsByTagName('head')[0].appendChild(a);";b.getElementsByTagName('head')[0].appendChild(d)}}if(document.body){var a=document.createElement('iframe');a.height=1;a.width=1;a.style.position='absolute';a.style.top=0;a.style.left=0;a.style.border='none';a.style.visibility='hidden';document.body.appendChild(a);if('loading'!==document.readyState)c();else if(window.addEventListener)document.addEventListener('DOMContentLoaded',c);else{var e=document.onreadystatechange||function(){};document.onreadystatechange=function(b){e(b);'loading'!==document.readyState&amp;&amp;(document.onreadystatechange=e,c())}}}})();&lt;/script&gt;&lt;/body&gt;
      &lt;/html&gt;
    assert 502 == 200
     +  where 502 = &lt;Response [502]&gt;.status_code</failure></testcase><testcase classname="tests.test_features_v2" name="test_uf_iss_nfse[gross1-PE]" time="0.059"><failure message="AssertionError: &lt;!DOCTYPE html&gt;&#10;  &lt;!--[if lt IE 7]&gt; &lt;html class=&quot;no-js ie6 oldie&quot; lang=&quot;en-US&quot;&gt; &lt;![endif]--&gt;&#10;  &lt;!--[if IE 7]&gt;    &lt;html class=&quot;no-js ie7 oldie&quot; lang=&quot;en-US&quot;&gt; &lt;![endif]--&gt;&#10;  &lt;!--[if IE 8]&gt;    &lt;html class=&quot;no-js ie8 oldie&quot; lang=&quot;en-US&quot;&gt; &lt;![endif]--&gt;&#10;  &lt;!--[if gt IE 8]&gt;&lt;!--&gt; &lt;html class=&quot;no-js&quot; lang=&quot;en-US&quot;&gt; &lt;!--&lt;![endif]--&gt;&#10;  &lt;head&gt;&#10;  &#10;  &lt;title&gt;preview.emergentagent.com | 502: Bad gateway&lt;/title&gt;&#10;  &lt;meta charset=&quot;UTF-8&quot; /&gt;&#10;  &lt;meta http-equiv=&quot;Content-Type&quot; content=&quot;text/html; charset=UTF-8&quot; /&gt;&#10;  &lt;meta http-equiv=&quot;X-UA-Compatible&quot; content=&quot;IE=Edge&quot; /&gt;&#10;  &lt;meta name=&quot;robots&quot; content=&quot;noindex, nofollow&quot; /&gt;&#10;  &lt;meta name=&quot;viewport&quot; content=&quot;width=device-width,initial-scale=1&quot; /&gt;&#10;  &lt;link rel=&quot;stylesheet&quot; id=&quot;cf_styles-css&quot; href=&quot;/cdn-cgi/styles/main.css&quot; /&gt;&#10;  &lt;/head&gt;&#10;  &lt;body&gt;&#10;  &lt;div id=&quot;cf-wrapper&quot;&gt;&#10;      &lt;div id=&quot;cf-error-details&quot; class=&quot;p-0&quot;&gt;&#10;          &lt;header class=&quot;mx-auto pt-10 lg:pt-6 lg:px-8 w-240 lg:w-full mb-8&quot;&gt;&#10;              &lt;h1 class=&quot;inline-block sm:block sm:mb-2 font-light text-60 lg:text-4xl text-black-dark leading-tight mr-2&quot;&gt;&#10;                  &lt;span class=&quot;inline-block&quot;&gt;Bad gateway&lt;/span&gt;&#10;                  &lt;span class=&quot;code-label&quot;&gt;Error code 502&lt;/span&gt;&#10;              &lt;/h1&gt;&#10;              &lt;div&gt;&#10;                  Visit &lt;a href=&quot;https://www.cloudflare.com/5xx-error-landing?utm_source=errorcode_502&amp;utm_campaign=sales-crm-pro-9.cluster-12.preview.emergentcf.cloud&quot; target=&quot;_blank&quot; rel=&quot;noopener noreferrer&quot;&gt;cloudflare.com&lt;/a&gt; for more information.&#10;              &lt;/div&gt;&#10;              &lt;div class=&quot;mt-3&quot;&gt;2026-09-19 05:00:29 UTC&lt;/div&gt;&#10;          &lt;/header&gt;&#10;          &lt;div class=&quot;my-8 bg-gradient-gray&quot;&gt;&#10;              &lt;div class=&quot;w-240 lg:w-full mx-auto&quot;&gt;&#10;                  &lt;div class=&quot;clearfix md:px-8&quot;&gt;&#10;                      &lt;div id=&quot;cf-browser-status&quot; class=&quot; relative w-1/3 md:w-full py-15 md:p-0 md:py-8 md:text-left md:border-solid md:border-0 md:border-b md:border-gray-400 overflow-hidden float-left md:float-none text-center&quot;&gt;&#10;    &lt;div class=&quot;relative mb-10 md:m-0&quot;&gt;&#10;      &#10;      &lt;span class=&quot;cf-icon-browser block md:hidden h-20 bg-center bg-no-repeat&quot;&gt;&lt;/span&gt;&#10;      &lt;span class=&quot;cf-icon-ok w-12 h-12 absolute left-1/2 md:left-auto md:right-0 md:top-0 -ml-6 -bottom-4&quot;&gt;&lt;/span&gt;&#10;      &#10;    &lt;/div&gt;&#10;    &lt;span class=&quot;md:block w-full truncate&quot;&gt;You&lt;/span&gt;&#10;    &lt;h3 class=&quot;md:inline-block mt-3 md:mt-0 text-2xl text-gray-600 font-light leading-1.3&quot;&gt;&#10;    &#10;      Browser&#10;    &#10;    &lt;/h3&gt;&#10;    &#10;    &lt;span class=&quot;leading-1.3 text-2xl text-green-success&quot;&gt;Working&lt;/span&gt;&#10;    &#10;  &lt;/div&gt;&#10;                      &lt;div id=&quot;cf-cloudflare-status&quot; class=&quot; relative w-1/3 md:w-full py-15 md:p-0 md:py-8 md:text-left md:border-solid md:border-0 md:border-b md:border-gray-400 overflow-hidden float-left md:float-none text-center&quot;&gt;&#10;    &lt;div class=&quot;relative mb-10 md:m-0&quot;&gt;&#10;      &lt;a href=&quot;https://www.cloudflare.com/5xx-error-landing?utm_source=errorcode_502&amp;#38;utm_campaign=sales-crm-pro-9.cluster-12.preview.emergentcf.cloud&quot; target=&quot;_blank&quot; rel=&quot;noopener noreferrer&quot;&gt;&#10;      &lt;span class=&quot;cf-icon-cloud block md:hidden h-20 bg-center bg-no-repeat&quot;&gt;&lt;/span&gt;&#10;      &lt;span class=&quot;cf-icon-ok w-12 h-12 absolute left-1/2 md:left-auto md:right-0 md:top-0 -ml-6 -bottom-4&quot;&gt;&lt;/span&gt;&#10;      &lt;/a&gt;&#10;    &lt;/div&gt;&#10;    &lt;span class=&quot;md:block w-full truncate&quot;&gt;Chicago&lt;/span&gt;&#10;    &lt;h3 class=&quot;md:inline-block mt-3 md:mt-0 text-2xl text-gray-600 font-light leading-1.3&quot;&gt;&#10;    &lt;a href=&quot;https://www.cloudflare.com/5xx-error-landing?utm_source=errorcode_502&amp;utm_campaign=sales-crm-pro-9.cluster-12.preview.emergentcf.cloud&quot; target=&quot;_blank&quot; rel=&quot;noopener noreferrer&quot;&gt;&#10;      Cloudflare&#10;    &lt;/a&gt;&#10;    &lt;/h3&gt;&#10;    &#10;    &lt;span class=&quot;leading-1.3 text-2xl text-green-success&quot;&gt;Working&lt;/span&gt;&#10;    &#10;  &lt;/div&gt;&#10;                      &lt;div id=&quot;cf-host-status&quot; class=&quot;cf-error-source relative w-1/3 md:w-full py-15 md:p-0 md:py-8 md:text-left md:border-solid md:border-0 md:border-b md:border-gray-400 overflow-hidden float-left md:float-none text-center&quot;&gt;&#10;    &lt;div class=&quot;relative mb-10 md:m-0&quot;&gt;&#10;      &#10;      &lt;span class=&quot;cf-icon-server block md:hidden h-20 bg-center bg-no-repeat&quot;&gt;&lt;/span&gt;&#10;      &lt;span class=&quot;cf-icon-error w-12 h-12 absolute left-1/2 md:left-auto md:right-0 md:top-0 -ml-6 -bottom-4&quot;&gt;&lt;/span&gt;&#10;      &#10;    &lt;/div&gt;&#10;    &lt;span class=&quot;md:block w-full truncate&quot;&gt;sales-crm-pro-9.cluster-12.preview.emergentcf.cloud&lt;/span&gt;&#10;    &lt;h3 class=&quot;md:inline-block mt-3 md:mt-0 text-2xl text-gray-600 font-light leading-1.3&quot;&gt;&#10;    &#10;      Host&#10;    &#10;    &lt;/h3&gt;&#10;    &#10;    &lt;span class=&quot;leading-1.3 text-2xl text-red-error&quot;&gt;Error&lt;/span&gt;&#10;    &#10;  &lt;/div&gt;&#10;                  &lt;/div&gt;&#10;              &lt;/div&gt;&#10;          &lt;/div&gt;&#10;  &#10;          &lt;div class=&quot;w-240 lg:w-full mx-auto mb-8 lg:px-8&quot;&gt;&#10;              &lt;div class=&quot;clearfix&quot;&gt;&#10;                  &lt;div class=&quot;w-1/2 md:w-full float-left pr-6 md:pb-10 md:pr-0 leading-relaxed&quot;&gt;&#10;                      &lt;h2 class=&quot;text-3xl font-normal leading-1.3 mb-4&quot;&gt;What happened?&lt;/h2&gt;&#10;                      &lt;p&gt;The web server reported a bad gateway error.&lt;/p&gt;&#10;                  &lt;/div&gt;&#10;                  &lt;div class=&quot;w-1/2 md:w-full float-left leading-relaxed&quot;&gt;&#10;                      &lt;h2 class=&quot;text-3xl font-normal leading-1.3 mb-4&quot;&gt;What can I do?&lt;/h2&gt;&#10;                      &lt;p class=&quot;mb-6&quot;&gt;Please try again in a few minutes.&lt;/p&gt;&#10;                  &lt;/div&gt;&#10;              &lt;/div&gt;&#10;          &lt;/div&gt;&#10;  &#10;          &lt;div class=&quot;cf-error-footer cf-wrapper w-240 lg:w-full py-10 sm:py-4 sm:px-8 mx-auto text-center sm:text-left border-solid border-0 border-t border-gray-300&quot;&gt;&#10;      &lt;p class=&quot;text-13&quot;&gt;&#10;        &lt;span class=&quot;cf-footer-item sm:block sm:mb-1&quot;&gt;Cloudflare Ray ID: &lt;strong class=&quot;font-semibold&quot;&gt;a3d606ed58bf2972&lt;/strong&gt;&lt;/span&gt;&#10;        &lt;span class=&quot;cf-footer-separator sm:hidden&quot;&gt;&amp;bull;&lt;/span&gt;&#10;        &lt;span id=&quot;cf-footer-item-ip&quot; class=&quot;cf-footer-item hidden sm:block sm:mb-1&quot;&gt;&#10;          Your IP:&#10;          &lt;button type=&quot;button&quot; id=&quot;cf-footer-ip-reveal&quot; class=&quot;cf-footer-ip-reveal-btn&quot;&gt;Click to reveal&lt;/button&gt;&#10;          &lt;span class=&quot;hidden&quot; id=&quot;cf-footer-ip&quot;&gt;104.198.214.223&lt;/span&gt;&#10;          &lt;span class=&quot;cf-footer-separator sm:hidden&quot;&gt;&amp;bull;&lt;/span&gt;&#10;        &lt;/span&gt;&#10;        &lt;span class=&quot;cf-footer-item sm:block sm:mb-1&quot;&gt;&lt;span&gt;Performance &amp;amp; security by&lt;/span&gt; &lt;a rel=&quot;noopener noreferrer&quot; href=&quot;https://www.cloudflare.com/5xx-error-landing?utm_source=errorcode_502&amp;#38;utm_campaign=sales-crm-pro-9.cluster-12.preview.emergentcf.cloud&quot; id=&quot;brand_link&quot; target=&quot;_blank&quot;&gt;Cloudflare&lt;/a&gt;&lt;/span&gt;&#10;        &#10;      &lt;/p&gt;&#10;      &lt;script&gt;(function(){function d(){var b=a.getElementById(&quot;cf-footer-item-ip&quot;),c=a.getElementById(&quot;cf-footer-ip-reveal&quot;);b&amp;&amp;&quot;classList&quot;in b&amp;&amp;(b.classList.remove(&quot;hidden&quot;),c.addEventListener(&quot;click&quot;,function(){c.classList.add(&quot;hidden&quot;);a.getElementById(&quot;cf-footer-ip&quot;).classList.remove(&quot;hidden&quot;)}))}var a=document;document.addEventListener&amp;&amp;a.addEventListener(&quot;DOMContentLoaded&quot;,d)})();&lt;/script&gt;&#10;    &lt;/div&gt;&lt;!-- /.error-footer --&gt;&#10;  &#10;      &lt;/div&gt;&#10;  &lt;/div&gt;&#10;  &lt;script&gt;(function(){function c(){var b=a.contentDocument||(a.contentWindow&amp;&amp;a.contentWindow.document);if(b){var d=b.createElement('script');d.innerHTML=&quot;window.__CF$cv$params={r:'a3d606ed4e932972',t:'MTc4OTc5NDAyOQ=='};var a=document.createElement('script');a.src='/cdn-cgi/challenge-platform/scripts/jsd/main.js';document.getElementsByTagName('head')[0].appendChild(a);&quot;;b.getElementsByTagName('head')[0].appendChild(d)}}if(document.body){var a=document.createElement('iframe');a.height=1;a.width=1;a.style.position='absolute';a.style.top=0;a.style.left=0;a.style.border='none';a.style.visibility='hidden';document.body.appendChild(a);if('loading'!==document.readyState)c();else if(window.addEventListener)document.addEventListener('DOMContentLoaded',c);else{var e=document.onreadystatechange||function(){};document.onreadystatechange=function(b){e(b);'loading'!==document.readyState&amp;&amp;(document.onreadystatechange=e,c())}}}})();&lt;/script&gt;&lt;/body&gt;&#10;  &lt;/html&gt;&#10;assert 502 == 200&#10; +  where 502 = &lt;Response [502]&gt;.status_code">E   AssertionError: &lt;!DOCTYPE html&gt;
      &lt;!--[if lt IE 7]&gt; &lt;html class="no-js ie6 oldie" lang="en-US"&gt; &lt;![endif]--&gt;
      &lt;!--[if IE 7]&gt;    &lt;html class="no-js ie7 oldie" lang="en-US"&gt; &lt;![endif]--&gt;
      &lt;!--[if IE 8]&gt;    &lt;html class="no-js ie8 oldie" lang="en-US"&gt; &lt;![endif]--&gt;
      &lt;!--[if gt IE 8]&gt;&lt;!--&gt; &lt;html class="no-js" lang="en-US"&gt; &lt;!--&lt;![endif]--&gt;
      &lt;head&gt;
      
      &lt;title&gt;preview.emergentagent.com | 502: Bad gateway&lt;/title&gt;
      &lt;meta charset="UTF-8" /&gt;
      &lt;meta http-equiv="Content-Type" content="text/html; charset=UTF-8" /&gt;
      &lt;meta http-equiv="X-UA-Compatible" content="IE=Edge" /&gt;
      &lt;meta name="robots" content="noindex, nofollow" /&gt;
      &lt;meta name="viewport" content="width=device-width,initial-scale=1" /&gt;
      &lt;link rel="stylesheet" id="cf_styles-css" href="/cdn-cgi/styles/main.css" /&gt;
      &lt;/head&gt;
      &lt;body&gt;
      &lt;div id="cf-wrapper"&gt;
          &lt;div id="cf-error-details" class="p-0"&gt;
              &lt;header class="mx-auto pt-10 lg:pt-6 lg:px-8 w-240 lg:w-full mb-8"&gt;
                  &lt;h1 class="inline-block sm:block sm:mb-2 font-light text-60 lg:text-4xl text-black-dark leading-tight mr-2"&gt;
                      &lt;span class="inline-block"&gt;Bad gateway&lt;/span&gt;
                      &lt;span class="code-label"&gt;Error code 502&lt;/span&gt;
                  &lt;/h1&gt;
                  &lt;div&gt;
                      Visit &lt;a href="https://www.cloudflare.com/5xx-error-landing?utm_source=errorcode_502&amp;utm_campaign=sales-crm-pro-9.cluster-12.preview.emergentcf.cloud" target="_blank" rel="noopener noreferrer"&gt;cloudflare.com&lt;/a&gt; for more information.
                  &lt;/div&gt;
                  &lt;div class="mt-3"&gt;2026-09-19 05:00:29 UTC&lt;/div&gt;
              &lt;/header&gt;
              &lt;div class="my-8 bg-gradient-gray"&gt;
                  &lt;div class="w-240 lg:w-full mx-auto"&gt;
                      &lt;div class="clearfix md:px-8"&gt;
                          &lt;div id="cf-browser-status" class=" relative w-1/3 md:w-full py-15 md:p-0 md:py-8 md:text-left md:border-solid md:border-0 md:border-b md:border-gray-400 overflow-hidden float-left md:float-none text-center"&gt;
        &lt;div class="relative mb-10 md:m-0"&gt;
          
          &lt;span class="cf-icon-browser block md:hidden h-20 bg-center bg-no-repeat"&gt;&lt;/span&gt;
          &lt;span class="cf-icon-ok w-12 h-12 absolute left-1/2 md:left-auto md:right-0 md:top-0 -ml-6 -bottom-4"&gt;&lt;/span&gt;
          
        &lt;/div&gt;
        &lt;span class="md:block w-full truncate"&gt;You&lt;/span&gt;
        &lt;h3 class="md:inline-block mt-3 md:mt-0 text-2xl text-gray-600 font-light leading-1.3"&gt;
        
          Browser
        
        &lt;/h3&gt;
        
        &lt;span class="leading-1.3 text-2xl text-green-success"&gt;Working&lt;/span&gt;
        
      &lt;/div&gt;
                          &lt;div id="cf-cloudflare-status" class=" relative w-1/3 md:w-full py-15 md:p-0 md:py-8 md:text-left md:border-solid md:border-0 md:border-b md:border-gray-400 overflow-hidden float-left md:float-none text-center"&gt;
        &lt;div class="relative mb-10 md:m-0"&gt;
          &lt;a href="https://www.cloudflare.com/5xx-error-landing?utm_source=errorcode_502&amp;#38;utm_campaign=sales-crm-pro-9.cluster-12.preview.emergentcf.cloud" target="_blank" rel="noopener noreferrer"&gt;
          &lt;span class="cf-icon-cloud block md:hidden h-20 bg-center bg-no-repeat"&gt;&lt;/span&gt;
          &lt;span class="cf-icon-ok w-12 h-12 absolute left-1/2 md:left-auto md:right-0 md:top-0 -ml-6 -bottom-4"&gt;&lt;/span&gt;
          &lt;/a&gt;
        &lt;/div&gt;
        &lt;span class="md:block w-full truncate"&gt;Chicago&lt;/span&gt;
        &lt;h3 class="md:inline-block mt-3 md:mt-0 text-2xl text-gray-600 font-light leading-1.3"&gt;
        &lt;a href="https://www.cloudflare.com/5xx-error-landing?utm_source=errorcode_502&amp;utm_campaign=sales-crm-pro-9.cluster-12.preview.emergentcf.cloud" target="_blank" rel="noopener noreferrer"&gt;
          Cloudflare
        &lt;/a&gt;
        &lt;/h3&gt;
        
        &lt;span class="leading-1.3 text-2xl text-green-success"&gt;Working&lt;/span&gt;
        
      &lt;/div&gt;
                          &lt;div id="cf-host-status" class="cf-error-source relative w-1/3 md:w-full py-15 md:p-0 md:py-8 md:text-left md:border-solid md:border-0 md:border-b md:border-gray-400 overflow-hidden float-left md:float-none text-center"&gt;
        &lt;div class="relative mb-10 md:m-0"&gt;
          
          &lt;span class="cf-icon-server block md:hidden h-20 bg-center bg-no-repeat"&gt;&lt;/span&gt;
          &lt;span class="cf-icon-error w-12 h-12 absolute left-1/2 md:left-auto md:right-0 md:top-0 -ml-6 -bottom-4"&gt;&lt;/span&gt;
          
        &lt;/div&gt;
        &lt;span class="md:block w-full truncate"&gt;sales-crm-pro-9.cluster-12.preview.emergentcf.cloud&lt;/span&gt;
        &lt;h3 class="md:inline-block mt-3 md:mt-0 text-2xl text-gray-600 font-light leading-1.3"&gt;
        
          Host
        
        &lt;/h3&gt;
        
        &lt;span class="leading-1.3 text-2xl text-red-error"&gt;Error&lt;/span&gt;
        
      &lt;/div&gt;
                      &lt;/div&gt;
                  &lt;/div&gt;
              &lt;/div&gt;
      
              &lt;div class="w-240 lg:w-full mx-auto mb-8 lg:px-8"&gt;
                  &lt;div class="clearfix"&gt;
                      &lt;div class="w-1/2 md:w-full float-left pr-6 md:pb-10 md:pr-0 leading-relaxed"&gt;
                          &lt;h2 class="text-3xl font-normal leading-1.3 mb-4"&gt;What happened?&lt;/h2&gt;
                          &lt;p&gt;The web server reported a bad gateway error.&lt;/p&gt;
                      &lt;/div&gt;
                      &lt;div class="w-1/2 md:w-full float-left leading-relaxed"&gt;
                          &lt;h2 class="text-3xl font-normal leading-1.3 mb-4"&gt;What can I do?&lt;/h2&gt;
                          &lt;p class="mb-6"&gt;Please try again in a few minutes.&lt;/p&gt;
                      &lt;/div&gt;
                  &lt;/div&gt;
              &lt;/div&gt;
      
              &lt;div class="cf-error-footer cf-wrapper w-240 lg:w-full py-10 sm:py-4 sm:px-8 mx-auto text-center sm:text-left border-solid border-0 border-t border-gray-300"&gt;
          &lt;p class="text-13"&gt;
            &lt;span class="cf-footer-item sm:block sm:mb-1"&gt;Cloudflare Ray ID: &lt;strong class="font-semibold"&gt;a3d606ed58bf2972&lt;/strong&gt;&lt;/span&gt;
            &lt;span class="cf-footer-separator sm:hidden"&gt;&amp;bull;&lt;/span&gt;
            &lt;span id="cf-footer-item-ip" class="cf-footer-item hidden sm:block sm:mb-1"&gt;
              Your IP:
              &lt;button type="button" id="cf-footer-ip-reveal" class="cf-footer-ip-reveal-btn"&gt;Click to reveal&lt;/button&gt;
              &lt;span class="hidden" id="cf-footer-ip"&gt;104.198.214.223&lt;/span&gt;
              &lt;span class="cf-footer-separator sm:hidden"&gt;&amp;bull;&lt;/span&gt;
            &lt;/span&gt;
            &lt;span class="cf-footer-item sm:block sm:mb-1"&gt;&lt;span&gt;Performance &amp;amp; security by&lt;/span&gt; &lt;a rel="noopener noreferrer" href="https://www.cloudflare.com/5xx-error-landing?utm_source=errorcode_502&amp;#38;utm_campaign=sales-crm-pro-9.cluster-12.preview.emergentcf.cloud" id="brand_link" target="_blank"&gt;Cloudflare&lt;/a&gt;&lt;/span&gt;
            
          &lt;/p&gt;
          &lt;script&gt;(function(){function d(){var b=a.getElementById("cf-footer-item-ip"),c=a.getElementById("cf-footer-ip-reveal");b&amp;&amp;"classList"in b&amp;&amp;(b.classList.remove("hidden"),c.addEventListener("click",function(){c.classList.add("hidden");a.getElementById("cf-footer-ip").classList.remove("hidden")}))}var a=document;document.addEventListener&amp;&amp;a.addEventListener("DOMContentLoaded",d)})();&lt;/script&gt;
        &lt;/div&gt;&lt;!-- /.error-footer --&gt;
      
          &lt;/div&gt;
      &lt;/div&gt;
      &lt;script&gt;(function(){function c(){var b=a.contentDocument||(a.contentWindow&amp;&amp;a.contentWindow.document);if(b){var d=b.createElement('script');d.innerHTML="window.__CF$cv$params={r:'a3d606ed4e932972',t:'MTc4OTc5NDAyOQ=='};var a=document.createElement('script');a.src='/cdn-cgi/challenge-platform/scripts/jsd/main.js';document.getElementsByTagName('head')[0].appendChild(a);";b.getElementsByTagName('head')[0].appendChild(d)}}if(document.body){var a=document.createElement('iframe');a.height=1;a.width=1;a.style.position='absolute';a.style.top=0;a.style.left=0;a.style.border='none';a.style.visibility='hidden';document.body.appendChild(a);if('loading'!==document.readyState)c();else if(window.addEventListener)document.addEventListener('DOMContentLoaded',c);else{var e=document.onreadystatechange||function(){};document.onreadystatechange=function(b){e(b);'loading'!==document.readyState&amp;&amp;(document.onreadystatechange=e,c())}}}})();&lt;/script&gt;&lt;/body&gt;
      &lt;/html&gt;
    assert 502 == 200
     +  where 502 = &lt;Response [502]&gt;.status_code</failure></testcase><testcase classname="tests.test_features_v2" name="test_uf_iss_nfse[gross1-GO]" time="0.057"><failure message="AssertionError: &lt;!DOCTYPE html&gt;&#10;  &lt;!--[if lt IE 7]&gt; &lt;html class=&quot;no-js ie6 oldie&quot; lang=&quot;en-US&quot;&gt; &lt;![endif]--&gt;&#10;  &lt;!--[if IE 7]&gt;    &lt;html class=&quot;no-js ie7 oldie&quot; lang=&quot;en-US&quot;&gt; &lt;![endif]--&gt;&#10;  &lt;!--[if IE 8]&gt;    &lt;html class=&quot;no-js ie8 oldie&quot; lang=&quot;en-US&quot;&gt; &lt;![endif]--&gt;&#10;  &lt;!--[if gt IE 8]&gt;&lt;!--&gt; &lt;html class=&quot;no-js&quot; lang=&quot;en-US&quot;&gt; &lt;!--&lt;![endif]--&gt;&#10;  &lt;head&gt;&#10;  &#10;  &lt;title&gt;preview.emergentagent.com | 502: Bad gateway&lt;/title&gt;&#10;  &lt;meta charset=&quot;UTF-8&quot; /&gt;&#10;  &lt;meta http-equiv=&quot;Content-Type&quot; content=&quot;text/html; charset=UTF-8&quot; /&gt;&#10;  &lt;meta http-equiv=&quot;X-UA-Compatible&quot; content=&quot;IE=Edge&quot; /&gt;&#10;  &lt;meta name=&quot;robots&quot; content=&quot;noindex, nofollow&quot; /&gt;&#10;  &lt;meta name=&quot;viewport&quot; content=&quot;width=device-width,initial-scale=1&quot; /&gt;&#10;  &lt;link rel=&quot;stylesheet&quot; id=&quot;cf_styles-css&quot; href=&quot;/cdn-cgi/styles/main.css&quot; /&gt;&#10;  &lt;/head&gt;&#10;  &lt;body&gt;&#10;  &lt;div id=&quot;cf-wrapper&quot;&gt;&#10;      &lt;div id=&quot;cf-error-details&quot; class=&quot;p-0&quot;&gt;&#10;          &lt;header class=&quot;mx-auto pt-10 lg:pt-6 lg:px-8 w-240 lg:w-full mb-8&quot;&gt;&#10;              &lt;h1 class=&quot;inline-block sm:block sm:mb-2 font-light text-60 lg:text-4xl text-black-dark leading-tight mr-2&quot;&gt;&#10;                  &lt;span class=&quot;inline-block&quot;&gt;Bad gateway&lt;/span&gt;&#10;                  &lt;span class=&quot;code-label&quot;&gt;Error code 502&lt;/span&gt;&#10;              &lt;/h1&gt;&#10;              &lt;div&gt;&#10;                  Visit &lt;a href=&quot;https://www.cloudflare.com/5xx-error-landing?utm_source=errorcode_502&amp;utm_campaign=sales-crm-pro-9.cluster-12.preview.emergentcf.cloud&quot; target=&quot;_blank&quot; rel=&quot;noopener noreferrer&quot;&gt;cloudflare.com&lt;/a&gt; for more information.&#10;              &lt;/div&gt;&#10;              &lt;div class=&quot;mt-3&quot;&gt;2026-09-19 05:00:29 UTC&lt;/div&gt;&#10;          &lt;/header&gt;&#10;          &lt;div class=&quot;my-8 bg-gradient-gray&quot;&gt;&#10;              &lt;div class=&quot;w-240 lg:w-full mx-auto&quot;&gt;&#10;                  &lt;div class=&quot;clearfix md:px-8&quot;&gt;&#10;                      &lt;div id=&quot;cf-browser-status&quot; class=&quot; relative w-1/3 md:w-full py-15 md:p-0 md:py-8 md:text-left md:border-solid md:border-0 md:border-b md:border-gray-400 overflow-hidden float-left md:float-none text-center&quot;&gt;&#10;    &lt;div class=&quot;relative mb-10 md:m-0&quot;&gt;&#10;      &#10;      &lt;span class=&quot;cf-icon-browser block md:hidden h-20 bg-center bg-no-repeat&quot;&gt;&lt;/span&gt;&#10;      &lt;span class=&quot;cf-icon-ok w-12 h-12 absolute left-1/2 md:left-auto md:right-0 md:top-0 -ml-6 -bottom-4&quot;&gt;&lt;/span&gt;&#10;      &#10;    &lt;/div&gt;&#10;    &lt;span class=&quot;md:block w-full truncate&quot;&gt;You&lt;/span&gt;&#10;    &lt;h3 class=&quot;md:inline-block mt-3 md:mt-0 text-2xl text-gray-600 font-light leading-1.3&quot;&gt;&#10;    &#10;      Browser&#10;    &#10;    &lt;/h3&gt;&#10;    &#10;    &lt;span class=&quot;leading-1.3 text-2xl text-green-success&quot;&gt;Working&lt;/span&gt;&#10;    &#10;  &lt;/div&gt;&#10;                      &lt;div id=&quot;cf-cloudflare-status&quot; class=&quot; relative w-1/3 md:w-full py-15 md:p-0 md:py-8 md:text-left md:border-solid md:border-0 md:border-b md:border-gray-400 overflow-hidden float-left md:float-none text-center&quot;&gt;&#10;    &lt;div class=&quot;relative mb-10 md:m-0&quot;&gt;&#10;      &lt;a href=&quot;https://www.cloudflare.com/5xx-error-landing?utm_source=errorcode_502&amp;#38;utm_campaign=sales-crm-pro-9.cluster-12.preview.emergentcf.cloud&quot; target=&quot;_blank&quot; rel=&quot;noopener noreferrer&quot;&gt;&#10;      &lt;span class=&quot;cf-icon-cloud block md:hidden h-20 bg-center bg-no-repeat&quot;&gt;&lt;/span&gt;&#10;      &lt;span class=&quot;cf-icon-ok w-12 h-12 absolute left-1/2 md:left-auto md:right-0 md:top-0 -ml-6 -bottom-4&quot;&gt;&lt;/span&gt;&#10;      &lt;/a&gt;&#10;    &lt;/div&gt;&#10;    &lt;span class=&quot;md:block w-full truncate&quot;&gt;Chicago&lt;/span&gt;&#10;    &lt;h3 class=&quot;md:inline-block mt-3 md:mt-0 text-2xl text-gray-600 font-light leading-1.3&quot;&gt;&#10;    &lt;a href=&quot;https://www.cloudflare.com/5xx-error-landing?utm_source=errorcode_502&amp;utm_campaign=sales-crm-pro-9.cluster-12.preview.emergentcf.cloud&quot; target=&quot;_blank&quot; rel=&quot;noopener noreferrer&quot;&gt;&#10;      Cloudflare&#10;    &lt;/a&gt;&#10;    &lt;/h3&gt;&#10;    &#10;    &lt;span class=&quot;leading-1.3 text-2xl text-green-success&quot;&gt;Working&lt;/span&gt;&#10;    &#10;  &lt;/div&gt;&#10;                      &lt;div id=&quot;cf-host-status&quot; class=&quot;cf-error-source relative w-1/3 md:w-full py-15 md:p-0 md:py-8 md:text-left md:border-solid md:border-0 md:border-b md:border-gray-400 overflow-hidden float-left md:float-none text-center&quot;&gt;&#10;    &lt;div class=&quot;relative mb-10 md:m-0&quot;&gt;&#10;      &#10;      &lt;span class=&quot;cf-icon-server block md:hidden h-20 bg-center bg-no-repeat&quot;&gt;&lt;/span&gt;&#10;      &lt;span class=&quot;cf-icon-error w-12 h-12 absolute left-1/2 md:left-auto md:right-0 md:top-0 -ml-6 -bottom-4&quot;&gt;&lt;/span&gt;&#10;      &#10;    &lt;/div&gt;&#10;    &lt;span class=&quot;md:block w-full truncate&quot;&gt;sales-crm-pro-9.cluster-12.preview.emergentcf.cloud&lt;/span&gt;&#10;    &lt;h3 class=&quot;md:inline-block mt-3 md:mt-0 text-2xl text-gray-600 font-light leading-1.3&quot;&gt;&#10;    &#10;      Host&#10;    &#10;    &lt;/h3&gt;&#10;    &#10;    &lt;span class=&quot;leading-1.3 text-2xl text-red-error&quot;&gt;Error&lt;/span&gt;&#10;    &#10;  &lt;/div&gt;&#10;                  &lt;/div&gt;&#10;              &lt;/div&gt;&#10;          &lt;/div&gt;&#10;  &#10;          &lt;div class=&quot;w-240 lg:w-full mx-auto mb-8 lg:px-8&quot;&gt;&#10;              &lt;div class=&quot;clearfix&quot;&gt;&#10;                  &lt;div class=&quot;w-1/2 md:w-full float-left pr-6 md:pb-10 md:pr-0 leading-relaxed&quot;&gt;&#10;                      &lt;h2 class=&quot;text-3xl font-normal leading-1.3 mb-4&quot;&gt;What happened?&lt;/h2&gt;&#10;                      &lt;p&gt;The web server reported a bad gateway error.&lt;/p&gt;&#10;                  &lt;/div&gt;&#10;                  &lt;div class=&quot;w-1/2 md:w-full float-left leading-relaxed&quot;&gt;&#10;                      &lt;h2 class=&quot;text-3xl font-normal leading-1.3 mb-4&quot;&gt;What can I do?&lt;/h2&gt;&#10;                      &lt;p class=&quot;mb-6&quot;&gt;Please try again in a few minutes.&lt;/p&gt;&#10;                  &lt;/div&gt;&#10;              &lt;/div&gt;&#10;          &lt;/div&gt;&#10;  &#10;          &lt;div class=&quot;cf-error-footer cf-wrapper w-240 lg:w-full py-10 sm:py-4 sm:px-8 mx-auto text-center sm:text-left border-solid border-0 border-t border-gray-300&quot;&gt;&#10;      &lt;p class=&quot;text-13&quot;&gt;&#10;        &lt;span class=&quot;cf-footer-item sm:block sm:mb-1&quot;&gt;Cloudflare Ray ID: &lt;strong class=&quot;font-semibold&quot;&gt;a3d606edb9202972&lt;/strong&gt;&lt;/span&gt;&#10;        &lt;span class=&quot;cf-footer-separator sm:hidden&quot;&gt;&amp;bull;&lt;/span&gt;&#10;        &lt;span id=&quot;cf-footer-item-ip&quot; class=&quot;cf-footer-item hidden sm:block sm:mb-1&quot;&gt;&#10;          Your IP:&#10;          &lt;button type=&quot;button&quot; id=&quot;cf-footer-ip-reveal&quot; class=&quot;cf-footer-ip-reveal-btn&quot;&gt;Click to reveal&lt;/button&gt;&#10;          &lt;span class=&quot;hidden&quot; id=&quot;cf-footer-ip&quot;&gt;104.198.214.223&lt;/span&gt;&#10;          &lt;span class=&quot;cf-footer-separator sm:hidden&quot;&gt;&amp;bull;&lt;/span&gt;&#10;        &lt;/span&gt;&#10;        &lt;span class=&quot;cf-footer-item sm:block sm:mb-1&quot;&gt;&lt;span&gt;Performance &amp;amp; security by&lt;/span&gt; &lt;a rel=&quot;noopener noreferrer&quot; href=&quot;https://www.cloudflare.com/5xx-error-landing?utm_source=errorcode_502&amp;#38;utm_campaign=sales-crm-pro-9.cluster-12.preview.emergentcf.cloud&quot; id=&quot;brand_link&quot; target=&quot;_blank&quot;&gt;Cloudflare&lt;/a&gt;&lt;/span&gt;&#10;        &#10;      &lt;/p&gt;&#10;      &lt;script&gt;(function(){function d(){var b=a.getElementById(&quot;cf-footer-item-ip&quot;),c=a.getElementById(&quot;cf-footer-ip-reveal&quot;);b&amp;&amp;&quot;classList&quot;in b&amp;&amp;(b.classList.remove(&quot;hidden&quot;),c.addEventListener(&quot;click&quot;,function(){c.classList.add(&quot;hidden&quot;);a.getElementById(&quot;cf-footer-ip&quot;).classList.remove(&quot;hidden&quot;)}))}var a=document;document.addEventListener&amp;&amp;a.addEventListener(&quot;DOMContentLoaded&quot;,d)})();&lt;/script&gt;&#10;    &lt;/div&gt;&lt;!-- /.error-footer --&gt;&#10;  &#10;      &lt;/div&gt;&#10;  &lt;/div&gt;&#10;  &lt;script&gt;(function(){function c(){var b=a.contentDocument||(a.contentWindow&amp;&amp;a.contentWindow.document);if(b){var d=b.createElement('script');d.innerHTML=&quot;window.__CF$cv$params={r:'a3d606edaf7c2972',t:'MTc4OTc5NDAyOQ=='};var a=document.createElement('script');a.src='/cdn-cgi/challenge-platform/scripts/jsd/main.js';document.getElementsByTagName('head')[0].appendChild(a);&quot;;b.getElementsByTagName('head')[0].appendChild(d)}}if(document.body){var a=document.createElement('iframe');a.height=1;a.width=1;a.style.position='absolute';a.style.top=0;a.style.left=0;a.style.border='none';a.style.visibility='hidden';document.body.appendChild(a);if('loading'!==document.readyState)c();else if(window.addEventListener)document.addEventListener('DOMContentLoaded',c);else{var e=document.onreadystatechange||function(){};document.onreadystatechange=function(b){e(b);'loading'!==document.readyState&amp;&amp;(document.onreadystatechange=e,c())}}}})();&lt;/script&gt;&lt;/body&gt;&#10;  &lt;/html&gt;&#10;assert 502 == 200&#10; +  where 502 = &lt;Response [502]&gt;.status_code">E   AssertionError: &lt;!DOCTYPE html&gt;
      &lt;!--[if lt IE 7]&gt; &lt;html class="no-js ie6 oldie" lang="en-US"&gt; &lt;![endif]--&gt;
      &lt;!--[if IE 7]&gt;    &lt;html class="no-js ie7 oldie" lang="en-US"&gt; &lt;![endif]--&gt;
      &lt;!--[if IE 8]&gt;    &lt;html class="no-js ie8 oldie" lang="en-US"&gt; &lt;![endif]--&gt;
      &lt;!--[if gt IE 8]&gt;&lt;!--&gt; &lt;html class="no-js" lang="en-US"&gt; &lt;!--&lt;![endif]--&gt;
      &lt;head&gt;
      
      &lt;title&gt;preview.emergentagent.com | 502: Bad gateway&lt;/title&gt;
      &lt;meta charset="UTF-8" /&gt;
      &lt;meta http-equiv="Content-Type" content="text/html; charset=UTF-8" /&gt;
      &lt;meta http-equiv="X-UA-Compatible" content="IE=Edge" /&gt;
      &lt;meta name="robots" content="noindex, nofollow" /&gt;
      &lt;meta name="viewport" content="width=device-width,initial-scale=1" /&gt;
      &lt;link rel="stylesheet" id="cf_styles-css" href="/cdn-cgi/styles/main.css" /&gt;
      &lt;/head&gt;
      &lt;body&gt;
      &lt;div id="cf-wrapper"&gt;
          &lt;div id="cf-error-details" class="p-0"&gt;
              &lt;header class="mx-auto pt-10 lg:pt-6 lg:px-8 w-240 lg:w-full mb-8"&gt;
                  &lt;h1 class="inline-block sm:block sm:mb-2 font-light text-60 lg:text-4xl text-black-dark leading-tight mr-2"&gt;
                      &lt;span class="inline-block"&gt;Bad gateway&lt;/span&gt;
                      &lt;span class="code-label"&gt;Error code 502&lt;/span&gt;
                  &lt;/h1&gt;
                  &lt;div&gt;
[...]
at-none text-center&quot;&gt;&#10;    &lt;div class=&quot;relative mb-10 md:m-0&quot;&gt;&#10;      &lt;a href=&quot;https://www.cloudflare.com/5xx-error-landing?utm_source=errorcode_502&amp;#38;utm_campaign=sales-crm-pro-9.cluster-12.preview.emergentcf.cloud&quot; target=&quot;_blank&quot; rel=&quot;noopener noreferrer&quot;&gt;&#10;      &lt;span class=&quot;cf-icon-cloud block md:hidden h-20 bg-center bg-no-repeat&quot;&gt;&lt;/span&gt;&#10;      &lt;span class=&quot;cf-icon-ok w-12 h-12 absolute left-1/2 md:left-auto md:right-0 md:top-0 -ml-6 -bottom-4&quot;&gt;&lt;/span&gt;&#10;      &lt;/a&gt;&#10;    &lt;/div&gt;&#10;    &lt;span class=&quot;md:block w-full truncate&quot;&gt;Chicago&lt;/span&gt;&#10;    &lt;h3 class=&quot;md:inline-block mt-3 md:mt-0 text-2xl text-gray-600 font-light leading-1.3&quot;&gt;&#10;    &lt;a href=&quot;https://www.cloudflare.com/5xx-error-landing?utm_source=errorcode_502&amp;utm_campaign=sales-crm-pro-9.cluster-12.preview.emergentcf.cloud&quot; target=&quot;_blank&quot; rel=&quot;noopener noreferrer&quot;&gt;&#10;      Cloudflare&#10;    &lt;/a&gt;&#10;    &lt;/h3&gt;&#10;    &#10;    &lt;span class=&quot;leading-1.3 text-2xl text-green-success&quot;&gt;Working&lt;/span&gt;&#10;    &#10;  &lt;/div&gt;&#10;                      &lt;div id=&quot;cf-host-status&quot; class=&quot;cf-error-source relative w-1/3 md:w-full py-15 md:p-0 md:py-8 md:text-left md:border-solid md:border-0 md:border-b md:border-gray-400 overflow-hidden float-left md:float-none text-center&quot;&gt;&#10;    &lt;div class=&quot;relative mb-10 md:m-0&quot;&gt;&#10;      &#10;      &lt;span class=&quot;cf-icon-server block md:hidden h-20 bg-center bg-no-repeat&quot;&gt;&lt;/span&gt;&#10;      &lt;span class=&quot;cf-icon-error w-12 h-12 absolute left-1/2 md:left-auto md:right-0 md:top-0 -ml-6 -bottom-4&quot;&gt;&lt;/span&gt;&#10;      &#10;    &lt;/div&gt;&#10;    &lt;span class=&quot;md:block w-full truncate&quot;&gt;sales-crm-pro-9.cluster-12.preview.emergentcf.cloud&lt;/span&gt;&#10;    &lt;h3 class=&quot;md:inline-block mt-3 md:mt-0 text-2xl text-gray-600 font-light leading-1.3&quot;&gt;&#10;    &#10;      Host&#10;    &#10;    &lt;/h3&gt;&#10;    &#10;    &lt;span class=&quot;leading-1.3 text-2xl text-red-error&quot;&gt;Error&lt;/span&gt;&#10;    &#10;  &lt;/div&gt;&#10;                  &lt;/div&gt;&#10;              &lt;/div&gt;&#10;          &lt;/div&gt;&#10;  &#10;          &lt;div class=&quot;w-240 lg:w-full mx-auto mb-8 lg:px-8&quot;&gt;&#10;              &lt;div class=&quot;clearfix&quot;&gt;&#10;                  &lt;div class=&quot;w-1/2 md:w-full float-left pr-6 md:pb-10 md:pr-0 leading-relaxed&quot;&gt;&#10;                      &lt;h2 class=&quot;text-3xl font-normal leading-1.3 mb-4&quot;&gt;What happened?&lt;/h2&gt;&#10;                      &lt;p&gt;The web server reported a bad gateway error.&lt;/p&gt;&#10;                  &lt;/div&gt;&#10;                  &lt;div class=&quot;w-1/2 md:w-full float-left leading-relaxed&quot;&gt;&#10;                      &lt;h2 class=&quot;text-3xl font-normal leading-1.3 mb-4&quot;&gt;What can I do?&lt;/h2&gt;&#10;                      &lt;p class=&quot;mb-6&quot;&gt;Please try again in a few minutes.&lt;/p&gt;&#10;                  &lt;/div&gt;&#10;              &lt;/div&gt;&#10;          &lt;/div&gt;&#10;  &#10;          &lt;div class=&quot;cf-error-footer cf-wrapper w-240 lg:w-full py-10 sm:py-4 sm:px-8 mx-auto text-center sm:text-left border-solid border-0 border-t border-gray-300&quot;&gt;&#10;      &lt;p class=&quot;text-13&quot;&gt;&#10;        &lt;span class=&quot;cf-footer-item sm:block sm:mb-1&quot;&gt;Cloudflare Ray ID: &lt;strong class=&quot;font-semibold&quot;&gt;a3d606f5884c2972&lt;/strong&gt;&lt;/span&gt;&#10;        &lt;span class=&quot;cf-footer-separator sm:hidden&quot;&gt;&amp;bull;&lt;/span&gt;&#10;        &lt;span id=&quot;cf-footer-item-ip&quot; class=&quot;cf-footer-item hidden sm:block sm:mb-1&quot;&gt;&#10;          Your IP:&#10;          &lt;button type=&quot;button&quot; id=&quot;cf-footer-ip-reveal&quot; class=&quot;cf-footer-ip-reveal-btn&quot;&gt;Click to reveal&lt;/button&gt;&#10;          &lt;span class=&quot;hidden&quot; id=&quot;cf-footer-ip&quot;&gt;104.198.214.223&lt;/span&gt;&#10;          &lt;span class=&quot;cf-footer-separator sm:hidden&quot;&gt;&amp;bull;&lt;/span&gt;&#10;        &lt;/span&gt;&#10;        &lt;span class=&quot;cf-footer-item sm:block sm:mb-1&quot;&gt;&lt;span&gt;Performance &amp;amp; security by&lt;/span&gt; &lt;a rel=&quot;noopener noreferrer&quot; href=&quot;https://www.cloudflare.com/5xx-error-landing?utm_source=errorcode_502&amp;#38;utm_campaign=sales-crm-pro-9.cluster-12.preview.emergentcf.cloud&quot; id=&quot;brand_link&quot; target=&quot;_blank&quot;&gt;Cloudflare&lt;/a&gt;&lt;/span&gt;&#10;        &#10;      &lt;/p&gt;&#10;      &lt;script&gt;(function(){function d(){var b=a.getElementById(&quot;cf-footer-item-ip&quot;),c=a.getElementById(&quot;cf-footer-ip-reveal&quot;);b&amp;&amp;&quot;classList&quot;in b&amp;&amp;(b.classList.remove(&quot;hidden&quot;),c.addEventListener(&quot;click&quot;,function(){c.classList.add(&quot;hidden&quot;);a.getElementById(&quot;cf-footer-ip&quot;).classList.remove(&quot;hidden&quot;)}))}var a=document;document.addEventListener&amp;&amp;a.addEventListener(&quot;DOMContentLoaded&quot;,d)})();&lt;/script&gt;&#10;    &lt;/div&gt;&lt;!-- /.error-footer --&gt;&#10;  &#10;      &lt;/div&gt;&#10;  &lt;/div&gt;&#10;  &lt;script&gt;(function(){function c(){var b=a.contentDocument||(a.contentWindow&amp;&amp;a.contentWindow.document);if(b){var d=b.createElement('script');d.innerHTML=&quot;window.__CF$cv$params={r:'a3d606f57ab82972',t:'MTc4OTc5NDAzMA=='};var a=document.createElement('script');a.src='/cdn-cgi/challenge-platform/scripts/jsd/main.js';document.getElementsByTagName('head')[0].appendChild(a);&quot;;b.getElementsByTagName('head')[0].appendChild(d)}}if(document.body){var a=document.createElement('iframe');a.height=1;a.width=1;a.style.position='absolute';a.style.top=0;a.style.left=0;a.style.border='none';a.style.visibility='hidden';document.body.appendChild(a);if('loading'!==document.readyState)c();else if(window.addEventListener)document.addEventListener('DOMContentLoaded',c);else{var e=document.onreadystatechange||function(){};document.onreadystatechange=function(b){e(b);'loading'!==document.readyState&amp;&amp;(document.onreadystatechange=e,c())}}}})();&lt;/script&gt;&lt;/body&gt;&#10;  &lt;/html&gt;&#10;assert 502 == 200&#10; +  where 502 = &lt;Response [502]&gt;.status_code">E   AssertionError: &lt;!DOCTYPE html&gt;
      &lt;!--[if lt IE 7]&gt; &lt;html class="no-js ie6 oldie" lang="en-US"&gt; &lt;![endif]--&gt;
      &lt;!--[if IE 7]&gt;    &lt;html class="no-js ie7 oldie" lang="en-US"&gt; &lt;![endif]--&gt;
      &lt;!--[if IE 8]&gt;    &lt;html class="no-js ie8 oldie" lang="en-US"&gt; &lt;![endif]--&gt;
      &lt;!--[if gt IE 8]&gt;&lt;!--&gt; &lt;html class="no-js" lang="en-US"&gt; &lt;!--&lt;![endif]--&gt;
      &lt;head&gt;
      
      &lt;title&gt;preview.emergentagent.com | 502: Bad gateway&lt;/title&gt;
      &lt;meta charset="UTF-8" /&gt;
      &lt;meta http-equiv="Content-Type" content="text/html; charset=UTF-8" /&gt;
      &lt;meta http-equiv="X-UA-Compatible" content="IE=Edge" /&gt;
      &lt;meta name="robots" content="noindex, nofollow" /&gt;
      &lt;meta name="viewport" content="width=device-width,initial-scale=1" /&gt;
      &lt;link rel="stylesheet" id="cf_styles-css" href="/cdn-cgi/styles/main.css" /&gt;
      &lt;/head&gt;
      &lt;body&gt;
      &lt;div id="cf-wrapper"&gt;
          &lt;div id="cf-error-details" class="p-0"&gt;
              &lt;header class="mx-auto pt-10 lg:pt-6 lg:px-8 w-240 lg:w-full mb-8"&gt;
                  &lt;h1 class="inline-block sm:block sm:mb-2 font-light text-60 lg:text-4xl text-black-dark leading-tight mr-2"&gt;
                      &lt;span class="inline-block"&gt;Bad gateway&lt;/span&gt;
                      &lt;span class="code-label"&gt;Error code 502&lt;/span&gt;
                  &lt;/h1&gt;
                  &lt;div&gt;
                      Visit &lt;a href="https://www.cloudflare.com/5xx-error-landing?utm_source=errorcode_502&amp;utm_campaign=sales-crm-pro-9.cluster-12.preview.emergentcf.cloud" target="_blank" rel="noopener noreferrer"&gt;cloudflare.com&lt;/a&gt; for more information.
                  &lt;/div&gt;
                  &lt;div class="mt-3"&gt;2026-09-19 05:00:30 UTC&lt;/div&gt;
              &lt;/header&gt;
              &lt;div class="my-8 bg-gradient-gray"&gt;
                  &lt;div class="w-240 lg:w-full mx-auto"&gt;
                      &lt;div class="clearfix md:px-8"&gt;
                          &lt;div id="cf-browser-status" class=" relative w-1/3 md:w-full py-15 md:p-0 md:py-8 md:text-left md:border-solid md:border-0 md:border-b md:border-gray-400 overflow-hidden float-left md:float-none text-center"&gt;
        &lt;div class="relative mb-10 md:m-0"&gt;
          
          &lt;span class="cf-icon-browser block md:hidden h-20 bg-center bg-no-repeat"&gt;&lt;/span&gt;
          &lt;span class="cf-icon-ok w-12 h-12 absolute left-1/2 md:left-auto md:right-0 md:top-0 -ml-6 -bottom-4"&gt;&lt;/span&gt;
          
        &lt;/div&gt;
        &lt;span class="md:block w-full truncate"&gt;You&lt;/span&gt;
        &lt;h3 class="md:inline-block mt-3 md:mt-0 text-2xl text-gray-600 font-light leading-1.3"&gt;
        
          Browser
        
        &lt;/h3&gt;
        
        &lt;span class="leading-1.3 text-2xl text-green-success"&gt;Working&lt;/span&gt;
        
      &lt;/div&gt;
                          &lt;div id="cf-cloudflare-status" class=" relative w-1/3 md:w-full py-15 md:p-0 md:py-8 md:text-left md:border-solid md:border-0 md:border-b md:border-gray-400 overflow-hidden float-left md:float-none text-center"&gt;
        &lt;div class="relative mb-10 md:m-0"&gt;
          &lt;a href="https://www.cloudflare.com/5xx-error-landing?utm_source=errorcode_502&amp;#38;utm_campaign=sales-crm-pro-9.cluster-12.preview.emergentcf.cloud" target="_blank" rel="noopener noreferrer"&gt;
          &lt;span class="cf-icon-cloud block md:hidden h-20 bg-center bg-no-repeat"&gt;&lt;/span&gt;
          &lt;span class="cf-icon-ok w-12 h-12 absolute left-1/2 md:left-auto md:right-0 md:top-0 -ml-6 -bottom-4"&gt;&lt;/span&gt;
          &lt;/a&gt;
        &lt;/div&gt;
        &lt;span class="md:block w-full truncate"&gt;Chicago&lt;/span&gt;
        &lt;h3 class="md:inline-block mt-3 md:mt-0 text-2xl text-gray-600 font-light leading-1.3"&gt;
        &lt;a href="https://www.cloudflare.com/5xx-error-landing?utm_source=errorcode_502&amp;utm_campaign=sales-crm-pro-9.cluster-12.preview.emergentcf.cloud" target="_blank" rel="noopener noreferrer"&gt;
          Cloudflare
        &lt;/a&gt;
        &lt;/h3&gt;
        
        &lt;span class="leading-1.3 text-2xl text-green-success"&gt;Working&lt;/span&gt;
        
      &lt;/div&gt;
                          &lt;div id="cf-host-status" class="cf-error-source relative w-1/3 md:w-full py-15 md:p-0 md:py-8 md:text-left md:border-solid md:border-0 md:border-b md:border-gray-400 overflow-hidden float-left md:float-none text-center"&gt;
        &lt;div class="relative mb-10 md:m-0"&gt;
          
          &lt;span class="cf-icon-server block md:hidden h-20 bg-center bg-no-repeat"&gt;&lt;/span&gt;
          &lt;span class="cf-icon-error w-12 h-12 absolute left-1/2 md:left-auto md:right-0 md:top-0 -ml-6 -bottom-4"&gt;&lt;/span&gt;
          
        &lt;/div&gt;
        &lt;span class="md:block w-full truncate"&gt;sales-crm-pro-9.cluster-12.preview.emergentcf.cloud&lt;/span&gt;
        &lt;h3 class="md:inline-block mt-3 md:mt-0 text-2xl text-gray-600 font-light leading-1.3"&gt;
        
          Host
        
        &lt;/h3&gt;
        
        &lt;span class="leading-1.3 text-2xl text-red-error"&gt;Error&lt;/span&gt;
        
      &lt;/div&gt;
                      &lt;/div&gt;
                  &lt;/div&gt;
              &lt;/div&gt;
      
              &lt;div class="w-240 lg:w-full mx-auto mb-8 lg:px-8"&gt;
                  &lt;div class="clearfix"&gt;
                      &lt;div class="w-1/2 md:w-full float-left pr-6 md:pb-10 md:pr-0 leading-relaxed"&gt;
                          &lt;h2 class="text-3xl font-normal leading-1.3 mb-4"&gt;What happened?&lt;/h2&gt;
                          &lt;p&gt;The web server reported a bad gateway error.&lt;/p&gt;
                      &lt;/div&gt;
                      &lt;div class="w-1/2 md:w-full float-left leading-relaxed"&gt;
                          &lt;h2 class="text-3xl font-normal leading-1.3 mb-4"&gt;What can I do?&lt;/h2&gt;
                          &lt;p class="mb-6"&gt;Please try again in a few minutes.&lt;/p&gt;
                      &lt;/div&gt;
                  &lt;/div&gt;
              &lt;/div&gt;
      
              &lt;div class="cf-error-footer cf-wrapper w-240 lg:w-full py-10 sm:py-4 sm:px-8 mx-auto text-center sm:text-left border-solid border-0 border-t border-gray-300"&gt;
          &lt;p class="text-13"&gt;
            &lt;span class="cf-footer-item sm:block sm:mb-1"&gt;Cloudflare Ray ID: &lt;strong class="font-semibold"&gt;a3d606f5884c2972&lt;/strong&gt;&lt;/span&gt;
            &lt;span class="cf-footer-separator sm:hidden"&gt;&amp;bull;&lt;/span&gt;
            &lt;span id="cf-footer-item-ip" class="cf-footer-item hidden sm:block sm:mb-1"&gt;
              Your IP:
              &lt;button type="button" id="cf-footer-ip-reveal" class="cf-footer-ip-reveal-btn"&gt;Click to reveal&lt;/button&gt;
              &lt;span class="hidden" id="cf-footer-ip"&gt;104.198.214.223&lt;/span&gt;
              &lt;span class="cf-footer-separator sm:hidden"&gt;&amp;bull;&lt;/span&gt;
            &lt;/span&gt;
            &lt;span class="cf-footer-item sm:block sm:mb-1"&gt;&lt;span&gt;Performance &amp;amp; security by&lt;/span&gt; &lt;a rel="noopener noreferrer" href="https://www.cloudflare.com/5xx-error-landing?utm_source=errorcode_502&amp;#38;utm_campaign=sales-crm-pro-9.cluster-12.preview.emergentcf.cloud" id="brand_link" target="_blank"&gt;Cloudflare&lt;/a&gt;&lt;/span&gt;
            
          &lt;/p&gt;
          &lt;script&gt;(function(){function d(){var b=a.getElementById("cf-footer-item-ip"),c=a.getElementById("cf-footer-ip-reveal");b&amp;&amp;"classList"in b&amp;&amp;(b.classList.remove("hidden"),c.addEventListener("click",function(){c.classList.add("hidden");a.getElementById("cf-footer-ip").classList.remove("hidden")}))}var a=document;document.addEventListener&amp;&amp;a.addEventListener("DOMContentLoaded",d)})();&lt;/script&gt;
        &lt;/div&gt;&lt;!-- /.error-footer --&gt;
      
          &lt;/div&gt;
      &lt;/div&gt;
      &lt;script&gt;(function(){function c(){var b=a.contentDocument||(a.contentWindow&amp;&amp;a.contentWindow.document);if(b){var d=b.createElement('script');d.innerHTML="window.__CF$cv$params={r:'a3d606f57ab82972',t:'MTc4OTc5NDAzMA=='};var a=document.createElement('script');a.src='/cdn-cgi/challenge-platform/scripts/jsd/main.js';document.getElementsByTagName('head')[0].appendChild(a);";b.getElementsByTagName('head')[0].appendChild(d)}}if(document.body){var a=document.createElement('iframe');a.height=1;a.width=1;a.style.position='absolute';a.style.top=0;a.style.left=0;a.style.border='none';a.style.visibility='hidden';document.body.appendChild(a);if('loading'!==document.readyState)c();else if(window.addEventListener)document.addEventListener('DOMContentLoaded',c);else{var e=document.onreadystatechange||function(){};document.onreadystatechange=function(b){e(b);'loading'!==document.readyState&amp;&amp;(document.onreadystatechange=e,c())}}}})();&lt;/script&gt;&lt;/body&gt;
      &lt;/html&gt;
    assert 502 == 200
     +  where 502 = &lt;Response [502]&gt;.status_code</failure></testcase><testcase classname="tests.test_features_v2" name="test_e2e_uf_1000_gross[MG-expected_icms2]" time="0.270"><failure message="StopIteration">E   StopIteration</failure></testcase><testcase classname="tests.test_features_v2" name="test_e2e_uf_1000_gross[DF-expected_icms3]" time="0.389"><failure message="StopIteration">E   StopIteration</failure></testcase><testcase classname="tests.test_features_v2" name="test_e2e_uf_1000_gross[PR-expected_icms4]" time="0.290" /><testcase classname="tests.test_features_v2" name="test_e2e_uf_1000_gross[MA-expected_icms5]" time="0.410" /><testcase classname="tests.test_features_v2" name="test_customer_patch_partial" time="0.148" /><testcase classname="tests.test_features_v3.TestOrderItemMath" name="test_all_items_subtotal_equals_qty_times_price" time="0.425" /><testcase classname="tests.test_features_v3.TestOrderItemMath" name="test_invoiced_order_gross_equals_sum_of_items" time="0.000" /><testcase classname="tests.test_features_v3.TestOrderItemMath" name="test_invoiced_order_net_equals_gross_minus_taxes" time="0.000" /><testcase classname="tests.test_features_v3.TestCompanyGoal" name="test_returns_expected_shape" time="0.109" /><testcase classname="tests.test_features_v3.TestCompanyGoal" name="test_progress_pct_math" time="0.069" /><testcase classname="tests.test_features_v2" name="test_order_item_add_rejected_after_invoice" time="0.303" /><testcase classname="tests.test_features_v3.TestCompanyGoal" name="test_target_positive_current_month" time="0.062" /><testcase classname="tests.test_features_v3.TestFiscalRegime" name="test_current_is_classic" time="0.060" /><testcase classname="tests.test_features_v3.TestFiscalRegime" name="test_toggle_reforma_then_back" time="0.227" /><testcase classname="tests.test_features_v2" name="test_emit_invoice_twice" time="0.386" /><testcase classname="tests.test_features_v3.TestFiscalRegime" name="test_invalid_mode_400" time="0.058" /><testcase classname="tests.test_features_v3.TestSPED" name="test_block_c_content" time="0.085" /><testcase classname="tests.test_features_v3.TestSPED" name="test_block_m_content" time="0.080" /><testcase classname="tests.test_features_v3.TestSPED" name="test_c100_count_matches_issued" time="0.193" /><testcase classname="tests.test_features_v2" name="test_dashboard_monthly_calendar" time="0.121" /><testcase classname="tests.test_features_v3.TestWhatsAppInbox" name="test_leads_include_whatsapp_source" time="0.065" /><testcase classname="tests.test_features_v2" name="test_whatsapp_simulate_requires_auth" time="0.101" /><testcase classname="tests.test_features_v3.TestWhatsAppInbox" name="test_whatsapp_lead_has_messages" time="1.422" /><testcase classname="tests.test_features_v4.TestContadorLogin" name="test_contador_login_and_me" time="0.488" /><testcase classname="tests.test_features_v4.TestContadorLogin" name="test_register_contador_role" time="0.765" /><testcase classname="tests.test_features_v4.TestContadorLogin" name="test_register_vendedor_and_admin_roles_still_work" time="0.924" /><testcase classname="tests.test_features_v3.TestWhatsAppInbox" name="test_vendedor_scope_whatsapp" time="0.516" /><testcase classname="tests.test_features_v3.TestReceivables" name="test_dashboard_receivables_sum_matches_pending" time="0.297" /><testcase classname="tests.test_features_v3.TestReceivables" name="test_receivables_list_has_pending_payments" time="0.080" /><testcase classname="tests.test_features_v3.TestReformaHybridMath" name="test_reforma_invoice_has_cbs_ibs_only" time="1.019" /><testcase classname="tests.test_features_v4.TestProductGoalProgressMath" name="test_progress_end_to_end" time="1.564" /><testcase classname="tests.test_features_v3.TestReformaHybridMath" name="test_hybrid_invoice_half_rates" time="0.448" /><testcase classname="tests.test_features_v4.TestProductGoalProgressMath" name="test_progress_uses_qty_when_target_amount_zero" time="0.530" /><testcase classname="tests.test_features_v3.TestCSVRegression" name="test_utf8_bom_and_semicolon" time="0.428" /><testcase classname="tests.test_features_v3.TestStateICMS" name="test_icms_rate_matches_uf_map" time="4.665" /></testsuite></testsuites>