<?xml version="1.0" encoding="utf-8"?><testsuites name="pytest tests"><testsuite name="pytest" errors="0" failures="4" skipped="0" tests="248" time="46.368" timestamp="2026-09-18T20:11:23.019846+00:00" hostname="agent-env-d8b25187-eca7-43b5-b62b-ce4a6c9434e6"><testcase classname="tests.backend_test" name="test_health" time="0.428" /><testcase classname="tests.backend_test" name="test_admin_login_role" time="0.335" /><testcase classname="tests.backend_test" name="test_vendedor_login_role" time="0.364" /><testcase classname="tests.test_features_v2" name="test_uf_icms_nfe[gross0-SP]" time="1.466" /><testcase classname="tests.test_features_v2" name="test_uf_icms_nfe[gross0-RJ]" time="0.257" /><testcase classname="tests.backend_test" name="test_auth_me" time="0.478" /><testcase classname="tests.backend_test" name="test_login_bad_credentials" time="1.145" /><testcase classname="tests.test_features_v2" name="test_uf_icms_nfe[gross0-MG]" time="2.361" /><testcase classname="tests.backend_test" name="test_admin_can_list_users" time="0.094" /><testcase classname="tests.test_features_v2" name="test_uf_icms_nfe[gross0-DF]" time="0.455" /><testcase classname="tests.backend_test" name="test_vendedor_cannot_list_users" time="1.372" /><testcase classname="tests.backend_test" name="test_admin_register_new_vendedor" time="0.323" /><testcase classname="tests.test_features_v2" name="test_uf_icms_nfe[gross0-PR]" time="0.303" /><testcase classname="tests.backend_test" name="test_vendedor_cannot_register" time="0.127" /><testcase classname="tests.backend_test" name="test_leads_crud_and_scoping" time="1.188" /><testcase classname="tests.test_features_v2" name="test_uf_icms_nfe[gross0-MA]" time="0.310" /><testcase classname="tests.test_features_v2" name="test_uf_icms_nfe[gross0-RS]" time="0.238" /><testcase classname="tests.test_features_v2" name="test_uf_icms_nfe[gross0-SC]" time="0.275" /><testcase classname="tests.test_features_v2" name="test_uf_icms_nfe[gross0-BA]" time="0.356" /><testcase classname="tests.backend_test" name="test_whatsapp_webhook_wrong_token" time="0.129" /><testcase classname="tests.backend_test" name="test_whatsapp_webhook_creates_lead_and_appends" time="0.485" /><testcase classname="tests.test_features_v2" name="test_uf_icms_nfe[gross0-PE]" time="0.306" /><testcase classname="tests.test_features_v2" name="test_uf_icms_nfe[gross0-GO]" time="0.320" /><testcase classname="tests.backend_test" name="test_whatsapp_simulate" time="0.376" /><testcase classname="tests.test_features_v2" name="test_uf_icms_nfe[gross0-ES]" time="0.346" /><testcase classname="tests.backend_test" name="test_products_admin_crud_vendedor_readonly" time="0.473" /><testcase classname="tests.test_features_v2" name="test_uf_icms_nfe[gross0-CE]" time="0.302" /><testcase classname="tests.test_features_v2" name="test_uf_icms_nfe[gross0-AM]" time="0.327" /><testcase classname="tests.backend_test" name="test_end_to_end_flow" time="1.766" /><testcase classname="tests.test_features_v2" name="test_uf_icms_nfe[gross0-PA]" time="0.368" /><testcase classname="tests.test_features_v2" name="test_uf_icms_nfe[gross1-SP]" time="0.446" /><testcase classname="tests.test_features_v2" name="test_uf_icms_nfe[gross1-RJ]" time="0.342" /><testcase classname="tests.test_features_v2" name="test_uf_icms_nfe[gross1-MG]" time="0.305" /><testcase classname="tests.backend_test" name="test_service_order_generates_nfse" time="0.327" /><testcase classname="tests.test_features_v2" name="test_uf_icms_nfe[gross1-DF]" time="0.555" /><testcase classname="tests.backend_test" name="test_customer_anonymize" time="0.221" /><testcase classname="tests.backend_test" name="test_zzz_cleanup" time="0.339" /><testcase classname="tests.test_features_v2" name="test_uf_icms_nfe[gross1-PR]" time="1.142" /><testcase classname="tests.test_features_v2.TestGoals" name="test_create_goal_admin" time="0.776" /><testcase classname="tests.test_features_v2.TestGoals" name="test_create_goal_vendedor_forbidden" time="0.065" /><testcase classname="tests.test_features_v2" name="test_uf_icms_nfe[gross1-MA]" time="1.303" /><testcase classname="tests.test_features_v2.TestGoals" name="test_create_goal_upsert_same_month" time="0.144" /><testcase classname="tests.test_features_v2.TestGoals" name="test_patch_goal" time="0.137" /><testcase classname="tests.test_features_v2.TestGoals" name="test_patch_goal_vendedor_forbidden" time="0.067" /><testcase classname="tests.test_features_v2.TestGoals" name="test_patch_goal_not_found" time="0.068" /><testcase classname="tests.test_features_v2.TestGoals" name="test_delete_goal" time="0.210" /><testcase classname="tests.test_features_v2.TestGoals" name="test_delete_goal_vendedor_forbidden" time="0.064" /><testcase classname="tests.test_features_v2.TestGoals" name="test_list_goals_admin_all" time="0.078" /><testcase classname="tests.test_features_v2.TestGoals" name="test_list_goals_vendedor_scoped" time="0.083" /><testcase classname="tests.test_features_v2.TestGoals" name="test_list_goals_filter_month" time="0.069" /><testcase classname="tests.test_features_v2.TestGoals" name="test_list_goals_unauth" time="0.063" /><testcase classname="tests.test_features_v2.TestInventory" name="test_setup" time="0.146" /><testcase classname="tests.test_features_v2.TestInventory" name="test_create_inventory" time="0.136" /><testcase classname="tests.test_features_v2.TestInventory" name="test_create_inventory_upsert" time="0.076" /><testcase classname="tests.test_features_v2" name="test_uf_icms_nfe[gross1-RS]" time="0.280" /><testcase classname="tests.test_features_v2.TestInventory" name="test_create_inventory_vendedor_forbidden" time="0.070" /><testcase classname="tests.test_features_v2.TestInventory" name="test_patch_inventory" time="0.073" /><testcase classname="tests.test_features_v2.TestInventory" name="test_patch_inventory_not_found" time="0.078" /><testcase classname="tests.test_features_v2" name="test_uf_icms_nfe[gross1-SC]" time="0.282" /><testcase classname="tests.test_features_v2.TestInventory" name="test_patch_inventory_vendedor_forbidden" time="0.080" /><testcase classname="tests.test_features_v2.TestInventory" name="test_list_inventory_filter_by_product" time="0.070" /><testcase classname="tests.test_features_v2.TestInventory" name="test_list_inventory_filter_by_channel" time="0.097" /><testcase classname="tests.test_features_v2.TestInventory" name="test_inventory_summary" time="0.097" /><testcase classname="tests.test_features_v2" name="test_uf_icms_nfe[gross1-BA]" time="0.301" /><testcase classname="tests.test_features_v2.TestInventory" name="test_delete_inventory" time="0.142" /><testcase classname="tests.test_features_v2.TestInventory" name="test_delete_inventory_vendedor_forbidden" time="0.076" /><testcase classname="tests.test_features_v2.TestCommissionFlow" name="test_setup_goal_and_customer" time="0.289" /><testcase classname="tests.test_features_v2" name="test_uf_icms_nfe[gross1-PE]" time="0.290" /><testcase classname="tests.test_features_v2.TestCommissionFlow" name="test_progress_before_payment" time="0.076" /><testcase classname="tests.test_features_v2" name="test_uf_icms_nfe[gross1-GO]" time="0.239" /><testcase classname="tests.test_features_v2.TestCommissionFlow" name="test_create_order_5000" time="0.077" /><testcase classname="tests.test_features_v2.TestCommissionFlow" name="test_add_and_mark_payment_paid" time="0.196" /><testcase classname="tests.test_features_v2" name="test_uf_icms_nfe[gross1-ES]" time="0.302" /><testcase classname="tests.test_features_v2.TestCommissionFlow" name="test_commission_auto_created" time="0.073" /><testcase classname="tests.test_features_v2.TestCommissionFlow" name="test_mark_paid_idempotent_no_duplicate" time="0.197" /><testcase classname="tests.test_features_v2" name="test_uf_icms_nfe[gross1-CE]" time="0.329" /><testcase classname="tests.test_features_v2.TestCommissionFlow" name="test_progress_after_payment" time="0.084" /><testcase classname="tests.test_features_v2.TestCommissionFlow" name="test_commissions_admin_sees_all" time="0.077" /><testcase classname="tests.test_features_v2.TestCommissionFlow" name="test_commissions_vendedor_scoped" time="0.088" /><testcase classname="tests.test_features_v2.TestCommissionFlow" name="test_mark_commission_paid_admin" time="0.119" /><testcase classname="tests.test_features_v2" name="test_uf_icms_nfe[gross1-AM]" time="0.297" /><testcase classname="tests.test_features_v2.TestCommissionFlow" name="test_mark_commission_paid_vendedor_forbidden" time="0.072" /><testcase classname="tests.test_features_v2.TestChannels" name="test_list_channels_authenticated" time="0.065" /><testcase classname="tests.test_features_v2.TestChannels" name="test_list_channels_vendedor_ok" time="0.070" /><testcase classname="tests.test_features_v2" name="test_uf_icms_nfe[gross1-PA]" time="0.235" /><testcase classname="tests.test_features_v2.TestChannels" name="test_list_channels_unauth" time="0.064" /><testcase classname="tests.test_features_v2.TestChannels" name="test_channel_types" time="0.070" /><testcase classname="tests.test_features_v2.TestChannels" name="test_create_channel_admin" time="0.081" /><testcase classname="tests.test_features_v2" name="test_uf_icms_nfe[gross2-SP]" time="0.444" /><testcase classname="tests.test_features_v2.TestChannels" name="test_create_channel_vendedor_forbidden" time="0.074" /><testcase classname="tests.test_features_v2.TestChannels" name="test_create_channel_duplicate_400" time="0.072" /><testcase classname="tests.test_features_v2.TestChannels" name="test_patch_channel" time="0.285" /><testcase classname="tests.test_features_v2.TestChannels" name="test_delete_channel" time="0.155" /><testcase classname="tests.test_features_v2" name="test_uf_icms_nfe[gross2-RJ]" time="2.658" /><testcase classname="tests.test_features_v2.TestChannels" name="test_delete_channel_vendedor_forbidden" time="0.081" /><testcase classname="tests.test_features_v2.TestChannels" name="test_patch_channel_not_found" time="0.079" /><testcase classname="tests.test_features_v2.TestReports" name="test_export_csv_admin" time="0.140" /><testcase classname="tests.test_features_v2.TestReports" name="test_export_csv_headers" time="0.168" /><testcase classname="tests.test_features_v2.TestReports" name="test_export_csv_semicolon_delimiter" time="0.143" /><testcase classname="tests.test_features_v2.TestReports" name="test_export_csv_month_filter" time="0.272" /><testcase classname="tests.test_features_v2.TestReports" name="test_export_csv_vendedor_scoped" time="0.112" /><testcase classname="tests.test_features_v2.TestReports" name="test_export_csv_unauth" time="0.069" /><testcase classname="tests.test_features_v2.TestReports" name="test_report_summary" time="0.124" /><testcase classname="tests.test_features_v2.TestReports" name="test_report_summary_vendedor" time="0.159" /><testcase classname="tests.test_features_v3.TestDataVolume" name="test_min_20_leads" time="0.565" /><testcase classname="tests.test_features_v3.TestDataVolume" name="test_leads_all_6_statuses" time="0.076" /><testcase classname="tests.test_features_v3.TestDataVolume" name="test_min_15_customers_with_state" time="0.100" /><testcase classname="tests.test_features_v3.TestDataVolume" name="test_min_customers_lgpd_consent" time="0.000" /><testcase classname="tests.test_features_v3.TestDataVolume" name="test_min_20_invoiced_orders" time="0.133" /><testcase classname="tests.test_features_v3.TestDataVolume" name="test_min_7_active_channels" time="0.107" /><testcase classname="tests.test_features_v2" name="test_uf_icms_nfe[gross2-MG]" time="0.296" /><testcase classname="tests.test_features_v2" name="test_uf_icms_nfe[gross2-DF]" time="0.278" /><testcase classname="tests.test_features_v2" name="test_uf_icms_nfe[gross2-PR]" time="1.243" /><testcase classname="tests.test_features_v2" name="test_uf_icms_nfe[gross2-MA]" time="0.250" /><testcase classname="tests.test_features_v2" name="test_uf_icms_nfe[gross2-RS]" time="1.842" /><testcase classname="tests.test_features_v2" name="test_uf_icms_nfe[gross2-SC]" time="0.280" /><testcase classname="tests.test_features_v2" name="test_uf_icms_nfe[gross2-BA]" time="0.267" /><testcase classname="tests.test_features_v2" name="test_uf_icms_nfe[gross2-PE]" time="0.270" /><testcase classname="tests.test_features_v2" name="test_uf_icms_nfe[gross2-GO]" time="0.228" /><testcase classname="tests.test_features_v2" name="test_uf_icms_nfe[gross2-ES]" time="0.287" /><testcase classname="tests.test_features_v2" name="test_uf_icms_nfe[gross2-CE]" time="0.254" /><testcase classname="tests.test_features_v3.TestInvoiceMath" name="test_invoices_fetched" time="5.431" /><testcase classname="tests.test_features_v3.TestInvoiceMath" name="test_invoice_total_taxes_equals_sum_of_tax_rows" time="0.000" /><testcase classname="tests.test_features_v3.TestInvoiceMath" name="test_invoice_total_net_equals_gross_minus_taxes" time="0.000" /><testcase classname="tests.test_features_v3.TestInvoiceMath" name="test_every_tax_amount_equals_base_times_rate" time="0.001" /><testcase classname="tests.test_features_v3.TestInvoiceMath" name="test_invoice_base_equals_order_gross" time="0.000" /><testcase classname="tests.test_features_v3.TestMarketplaceSync" name="test_sync_success_row" time="0.213" /><testcase classname="tests.test_features_v3.TestMarketplaceSync" name="test_sync_creates_notification" time="0.258" /><testcase classname="tests.test_features_v2" name="test_uf_icms_nfe[gross2-AM]" time="0.311" /><testcase classname="tests.test_features_v3.TestMarketplaceSync" name="test_sync_unknown_channel_404" time="0.080" /><testcase classname="tests.test_features_v2" name="test_uf_icms_nfe[gross2-PA]" time="0.401" /><testcase classname="tests.test_features_v3.TestMarketplaceSync" name="test_sync_vendedor_forbidden" time="0.397" /><testcase classname="tests.test_features_v2" name="test_uf_icms_nfe[gross3-SP]" time="0.242" /><testcase classname="tests.test_features_v3.TestMarketplaceSync" name="test_syncs_list" time="0.085" /><testcase classname="tests.test_features_v3.TestTeamRanking" name="test_ranking_returns_list_ranked" time="0.088" /><testcase classname="tests.test_features_v3.TestTeamRanking" name="test_ranking_sorted_desc_by_achieved" time="0.086" /><testcase classname="tests.test_features_v2" name="test_uf_icms_nfe[gross3-RJ]" time="0.271" /><testcase classname="tests.test_features_v3.TestTeamRanking" name="test_ranking_contains_expected_fields" time="0.090" /><testcase classname="tests.test_features_v3.TestTeamRanking" name="test_ranking_vendedor_can_access" time="0.093" /><testcase classname="tests.test_features_v3.TestNotifications" name="test_list_admin" time="0.077" /><testcase classname="tests.test_features_v2" name="test_uf_icms_nfe[gross3-MG]" time="0.245" /><testcase classname="tests.test_features_v3.TestNotifications" name="test_unread_count_matches" time="0.157" /><testcase classname="tests.test_features_v3.TestNotifications" name="test_mark_read_flips_flag" time="0.159" /><testcase classname="tests.test_features_v2" name="test_uf_icms_nfe[gross3-DF]" time="0.288" /><testcase classname="tests.test_features_v3.TestNotifications" name="test_mark_all_read_zero" time="0.210" /><testcase classname="tests.test_features_v2" name="test_uf_icms_nfe[gross3-PR]" time="0.248" /><testcase classname="tests.test_features_v3.TestOrderItemMath" name="test_all_items_subtotal_equals_qty_times_price" time="0.001" /><testcase classname="tests.test_features_v3.TestOrderItemMath" name="test_invoiced_order_gross_equals_sum_of_items" time="0.001" /><testcase classname="tests.test_features_v3.TestOrderItemMath" name="test_invoiced_order_net_equals_gross_minus_taxes" time="0.001" /><testcase classname="tests.test_features_v3.TestCompanyGoal" name="test_returns_expected_shape" time="0.118" /><testcase classname="tests.test_features_v3.TestCompanyGoal" name="test_progress_pct_math" time="0.077" /><testcase classname="tests.test_features_v3.TestCompanyGoal" name="test_target_positive_current_month" time="0.076" /><testcase classname="tests.test_features_v2" name="test_uf_icms_nfe[gross3-MA]" time="0.284"><failure message="AssertionError: ICMS missing for UF=MA&#10;assert None is not None">E   AssertionError: ICMS missing for UF=MA
    assert None is not None</failure></testcase><testcase classname="tests.test_features_v3.TestFiscalRegime" name="test_current_is_classic" time="0.077" /><testcase classname="tests.test_features_v3.TestFiscalRegime" name="test_toggle_reforma_then_back" time="0.316" /><testcase classname="tests.test_features_v2" name="test_uf_icms_nfe[gross3-RS]" time="0.295" /><testcase classname="tests.test_features_v3.TestFiscalRegime" name="test_invalid_mode_400" time="0.078" /><testcase classname="tests.test_features_v3.TestSPED" name="test_block_c_content" time="0.173" /><testcase classname="tests.test_features_v2" name="test_uf_icms_nfe[gross3-SC]" time="0.249" /><testcase classname="tests.test_features_v3.TestSPED" name="test_block_m_content" time="0.134" /><testcase classname="tests.test_features_v3.TestSPED" name="test_c100_count_matches_issued" time="0.341" /><testcase classname="tests.test_features_v2" name="test_uf_icms_nfe[gross3-BA]" time="0.312" /><testcase classname="tests.test_features_v2" name="test_uf_icms_nfe[gross3-PE]" time="0.245" /><testcase classname="tests.test_features_v3.TestWhatsAppInbox" name="test_leads_include_whatsapp_source" time="0.078" /><testcase classname="tests.test_features_v3.TestWhatsAppInbox" name="test_whatsapp_lead_has_messages" time="1.714" /><testcase classname="tests.test_features_v2" name="test_uf_icms_nfe[gross3-GO]" time="0.480" /><testcase classname="tests.test_features_v2" name="test_uf_icms_nfe[gross3-ES]" time="0.254" /><testcase classname="tests.test_features_v2" name="test_uf_icms_nfe[gross3-CE]" time="0.254" /><testcase classname="tests.test_features_v2" name="test_uf_icms_nfe[gross3-AM]" time="0.257" /><testcase classname="tests.test_features_v2" name="test_uf_icms_nfe[gross3-PA]" time="0.237" /><testcase classname="tests.test_features_v2" name="test_uf_icms_nfe[gross4-SP]" time="0.236" /><testcase classname="tests.test_features_v3.TestWhatsAppInbox" name="test_vendedor_scope_whatsapp" time="0.084" /><testcase classname="tests.test_features_v3.TestReceivables" name="test_dashboard_receivables_sum_matches_pending" time="0.156" /><testcase classname="tests.test_features_v2" name="test_uf_icms_nfe[gross4-RJ]" time="0.263" /><testcase classname="tests.test_features_v3.TestReceivables" name="test_receivables_list_has_pending_payments" time="0.125" /><testcase classname="tests.test_features_v3.TestReformaHybridMath" name="test_reforma_invoice_has_cbs_ibs_only" time="0.536" /><testcase classname="tests.test_features_v2" name="test_uf_icms_nfe[gross4-MG]" time="0.259"><failure message="AssertionError: ICMS missing for UF=MG&#10;assert None is not None">E   AssertionError: ICMS missing for UF=MG
    assert None is not None</failure></testcase><testcase classname="tests.test_features_v2" name="test_uf_icms_nfe[gross4-DF]" time="0.281" /><testcase classname="tests.test_features_v3.TestReformaHybridMath" name="test_hybrid_invoice_half_rates" time="0.639" /><testcase classname="tests.test_features_v2" name="test_uf_icms_nfe[gross4-PR]" time="0.238"><failure message="AssertionError: UF PR: expected rate 0.195, got 0.0975&#10;assert Decimal('0.0975') == Decimal('0.195')&#10; +  where Decimal('0.0975') = Decimal('0.0975')&#10; +    where '0.0975' = str('0.0975')">E   AssertionError: UF PR: expected rate 0.195, got 0.0975
    assert Decimal('0.0975') == Decimal('0.195')
     +  where Decimal('0.0975') = Decimal('0.0975')
     +    where '0.0975' = str('0.0975')</failure></testcase><testcase classname="tests.test_features_v2" name="test_uf_icms_nfe[gross4-MA]" time="0.213"><failure message="AssertionError: UF MA: expected rate 0.22, got 0.1100&#10;assert Decimal('0.1100') == Decimal('0.22')&#10; +  where Decimal('0.1100') = Decimal('0.1100')&#10; +    where '0.1100' = str('0.1100')">E   AssertionError: UF MA: expected rate 0.22, got 0.1100
    assert Decimal('0.1100') == Decimal('0.22')
     +  where Decimal('0.1100') = Decimal('0.1100')
     +    where '0.1100' = str('0.1100')</failure></testcase><testcase classname="tests.test_features_v2" name="test_uf_icms_nfe[gross4-RS]" time="0.482" /><testcase classname="tests.test_features_v3.TestStateICMS" name="test_icms_rate_matches_uf_map" time="0.039" /><testcase classname="tests.test_features_v3.TestCSVRegression" name="test_utf8_bom_and_semicolon" time="0.186" /><testcase classname="tests.test_features_v2" name="test_uf_icms_nfe[gross4-SC]" time="0.568" /><testcase classname="tests.test_features_v2" name="test_uf_icms_nfe[gross4-BA]" time="0.228" /><testcase classname="tests.test_features_v2" name="test_uf_icms_nfe[gross4-PE]" time="0.233" /><testcase classname="tests.test_features_v2" name="test_uf_icms_nfe[gross4-GO]" time="0.272" /><testcase classname="tests.test_features_v2" name="test_uf_icms_nfe[gross4-ES]" time="0.232" /><testcase classname="tests.test_features_v2" name="test_uf_icms_nfe[gross4-CE]" time="0.218" /><testcase classname="tests.test_features_v2" name="test_uf_icms_nfe[gross4-AM]" time="0.210" /><testcase classname="tests.test_features_v2" name="test_uf_icms_nfe[gross4-PA]" time="0.229" /><testcase classname="tests.test_features_v2" name="test_uf_iss_nfse[gross0-SP]" time="0.230" /><testcase classname="tests.test_features_v2" name="test_uf_iss_nfse[gross0-RJ]" time="0.204" /><testcase classname="tests.test_features_v2" name="test_uf_iss_nfse[gross0-MG]" time="0.257" /><testcase classname="tests.test_features_v2" name="test_uf_iss_nfse[gross0-DF]" time="0.225" /><testcase classname="tests.test_features_v2" name="test_uf_iss_nfse[gross0-PR]" time="0.232" /><testcase classname="tests.test_features_v2" name="test_uf_iss_nfse[gross0-MA]" time="0.296" /><testcase classname="tests.test_features_v2" name="test_uf_iss_nfse[gross0-RS]" time="0.251" /><testcase classname="tests.test_features_v2" name="test_uf_iss_nfse[gross0-SC]" time="0.216" /><testcase classname="tests.test_features_v2" name="test_uf_iss_nfse[gross0-BA]" time="0.230" /><testcase classname="tests.test_features_v2" name="test_uf_iss_nfse[gross0-PE]" time="0.217" /><testcase classname="tests.test_features_v2" name="test_uf_iss_nfse[gross0-GO]" time="0.224" /><testcase classname="tests.test_features_v2" name="test_uf_iss_nfse[gross0-ES]" time="0.219" /><testcase classname="tests.test_features_v2" name="test_uf_iss_nfse[gross0-CE]" time="0.294" /><testcase classname="tests.test_features_v2" name="test_uf_iss_nfse[gross0-AM]" time="0.343" /><testcase classname="tests.test_features_v2" name="test_uf_iss_nfse[gross0-PA]" time="0.255" /><testcase classname="tests.test_features_v2" name="test_uf_iss_nfse[gross1-SP]" time="0.297" /><testcase classname="tests.test_features_v2" name="test_uf_iss_nfse[gross1-RJ]" time="0.245" /><testcase classname="tests.test_features_v2" name="test_uf_iss_nfse[gross1-MG]" time="0.245" /><testcase classname="tests.test_features_v2" name="test_uf_iss_nfse[gross1-DF]" time="0.208" /><testcase classname="tests.test_features_v2" name="test_uf_iss_nfse[gross1-PR]" time="0.266" /><testcase classname="tests.test_features_v2" name="test_uf_iss_nfse[gross1-MA]" time="0.221" /><testcase classname="tests.test_features_v2" name="test_uf_iss_nfse[gross1-RS]" time="0.236" /><testcase classname="tests.test_features_v2" name="test_uf_iss_nfse[gross1-SC]" time="0.220" /><testcase classname="tests.test_features_v2" name="test_uf_iss_nfse[gross1-BA]" time="0.282" /><testcase classname="tests.test_features_v2" name="test_uf_iss_nfse[gross1-PE]" time="0.322" /><testcase classname="tests.test_features_v2" name="test_uf_iss_nfse[gross1-GO]" time="0.271" /><testcase classname="tests.test_features_v2" name="test_uf_iss_nfse[gross1-ES]" time="0.220" /><testcase classname="tests.test_features_v2" name="test_uf_iss_nfse[gross1-CE]" time="0.229" /><testcase classname="tests.test_features_v2" name="test_uf_iss_nfse[gross1-AM]" time="0.211" /><testcase classname="tests.test_features_v2" name="test_uf_iss_nfse[gross1-PA]" time="0.241" /><testcase classname="tests.test_features_v2" name="test_uf_iss_nfse[gross2-SP]" time="0.250" /><testcase classname="tests.test_features_v2" name="test_uf_iss_nfse[gross2-RJ]" time="0.213" /><testcase classname="tests.test_features_v2" name="test_uf_iss_nfse[gross2-MG]" time="0.241" /><testcase classname="tests.test_features_v2" name="test_uf_iss_nfse[gross2-DF]" time="0.241" /><testcase classname="tests.test_features_v2" name="test_uf_iss_nfse[gross2-PR]" time="0.314" /><testcase classname="tests.test_features_v2" name="test_uf_iss_nfse[gross2-MA]" time="0.237" /><testcase classname="tests.test_features_v2" name="test_uf_iss_nfse[gross2-RS]" time="0.218" /><testcase classname="tests.test_features_v2" name="test_uf_iss_nfse[gross2-SC]" time="0.246" /><testcase classname="tests.test_features_v2" name="test_uf_iss_nfse[gross2-BA]" time="0.249" /><testcase classname="tests.test_features_v2" name="test_uf_iss_nfse[gross2-PE]" time="0.256" /><testcase classname="tests.test_features_v2" name="test_uf_iss_nfse[gross2-GO]" time="0.237" /><testcase classname="tests.test_features_v2" name="test_uf_iss_nfse[gross2-ES]" time="0.240" /><testcase classname="tests.test_features_v2" name="test_uf_iss_nfse[gross2-CE]" time="0.226" /><testcase classname="tests.test_features_v2" name="test_uf_iss_nfse[gross2-AM]" time="0.224" /><testcase classname="tests.test_features_v2" name="test_uf_iss_nfse[gross2-PA]" time="0.234" /><testcase classname="tests.test_features_v2" name="test_e2e_uf_1000_gross[SP-expected_icms0]" time="0.253" /><testcase classname="tests.test_features_v2" name="test_e2e_uf_1000_gross[RJ-expected_icms1]" time="0.260" /><testcase classname="tests.test_features_v2" name="test_e2e_uf_1000_gross[MG-expected_icms2]" time="0.216" /><testcase classname="tests.test_features_v2" name="test_e2e_uf_1000_gross[DF-expected_icms3]" time="0.239" /><testcase classname="tests.test_features_v2" name="test_e2e_uf_1000_gross[PR-expected_icms4]" time="0.285" /><testcase classname="tests.test_features_v2" name="test_e2e_uf_1000_gross[MA-expected_icms5]" time="0.223" /><testcase classname="tests.test_features_v2" name="test_customer_patch_partial" time="0.145" /><testcase classname="tests.test_features_v2" name="test_order_item_add_rejected_after_invoice" time="0.297" /><testcase classname="tests.test_features_v2" name="test_emit_invoice_twice" time="0.372" /><testcase classname="tests.test_features_v2" name="test_dashboard_monthly_calendar" time="0.115" /><testcase classname="tests.test_features_v2" name="test_whatsapp_simulate_requires_auth" time="0.062" /></testsuite></testsuites>