<?xml version="1.0" encoding="utf-8"?><testsuites name="pytest tests"><testsuite name="pytest" errors="0" failures="10" skipped="0" tests="35" time="11.679" timestamp="2026-09-19T04:54:32.441614+00:00" hostname="agent-env-d8b25187-eca7-43b5-b62b-ce4a6c9434e6"><testcase classname="tests.test_features_v4.TestContadorLogin" name="test_contador_login_and_me" time="0.550" /><testcase classname="tests.test_features_v4.TestContadorLogin" name="test_register_contador_role" time="0.694" /><testcase classname="tests.test_features_v4.TestContadorLogin" name="test_register_vendedor_and_admin_roles_still_work" time="0.732" /><testcase classname="tests.test_features_v4.TestFiscalRegimePersistence" name="test_set_regime_reforma_persists_immediately" time="0.230" /><testcase classname="tests.test_features_v4.TestFiscalRegimePersistence" name="test_set_regime_requires_admin" time="0.717" /><testcase classname="tests.test_features_v4.TestFiscalRegimePersistence" name="test_set_regime_invalid_mode" time="0.151" /><testcase classname="tests.test_features_v4.TestFiscalRegimePersistence" name="test_persistence_survives_backend_restart" time="2.783" /><testcase classname="tests.test_features_v4.TestProductGoalsCRUD" name="test_create_product_goal" time="0.385" /><testcase classname="tests.test_features_v4.TestProductGoalsCRUD" name="test_upsert_product_goal_on_duplicate" time="0.239" /><testcase classname="tests.test_features_v4.TestProductGoalsCRUD" name="test_patch_product_goal" time="0.250" /><testcase classname="tests.test_features_v4.TestProductGoalsCRUD" name="test_delete_product_goal_and_verify" time="0.384" /><testcase classname="tests.test_features_v4.TestProductGoalsCRUD" name="test_vendedor_sees_only_own_goals" time="0.250" /><testcase classname="tests.test_features_v4.TestProductGoalsCRUD" name="test_vendedor_cannot_create_product_goal" time="0.114" /><testcase classname="tests.test_features_v4.TestProductGoalProgressMath" name="test_progress_end_to_end" time="0.963" /><testcase classname="tests.test_features_v4.TestProductGoalProgressMath" name="test_progress_uses_qty_when_target_amount_zero" time="0.510" /><testcase classname="tests.test_features_v4.TestContadorReadAccess" name="test_contador_can_read[/dashboard]" time="0.149" /><testcase classname="tests.test_features_v4.TestContadorReadAccess" name="test_contador_can_read[/dashboard/team_ranking]" time="0.127" /><testcase classname="tests.test_features_v4.TestContadorReadAccess" name="test_contador_can_read[/dashboard/company_goal]" time="0.144" /><testcase classname="tests.test_features_v4.TestContadorReadAccess" name="test_contador_can_read[/dashboard/fiscal_regime]" time="0.118" /><testcase classname="tests.test_features_v4.TestContadorReadAccess" name="test_contador_can_read[/reports/invoices.csv]" time="0.136" /><testcase classname="tests.test_features_v4.TestContadorReadAccess" name="test_contador_can_read[/reports/sped.txt?block=C]" time="0.149" /><testcase classname="tests.test_features_v4.TestContadorReadAccess" name="test_contador_can_read[/reports/sped.txt?block=M]" time="0.125" /><testcase classname="tests.test_features_v4.TestContadorReadAccess" name="test_contador_can_read[/reports/summary]" time="0.121" /><testcase classname="tests.test_features_v4.TestContadorReadAccess" name="test_contador_csv_contains_all_invoices" time="0.286" /><testcase classname="tests.test_features_v4.TestContadorWriteBlocked" name="test_mutation_blocked_403[POST-/orders-body0]" time="0.113"><failure message="AssertionError: POST /orders -&gt; 400: {&quot;detail&quot;:&quot;Cliente inválido&quot;}&#10;assert 400 == 403&#10; +  where 400 = &lt;Response [400]&gt;.status_code">E   AssertionError: POST /orders -&gt; 400: {"detail":"Cliente inválido"}
    assert 400 == 403
     +  where 400 = &lt;Response [400]&gt;.status_code</failure></testcase><testcase classname="tests.test_features_v4.TestContadorWriteBlocked" name="test_mutation_blocked_403[POST-/customers-body1]" time="0.118"><failure message="AssertionError: POST /customers -&gt; 200: {&quot;id&quot;:&quot;7d91744c-bb6f-493d-ba9e-24e828aae30e&quot;,&quot;name&quot;:&quot;x&quot;,&quot;document&quot;:null,&quot;person_type&quot;:&quot;PF&quot;,&quot;email&quot;:null,&quot;phone&quot;:null,&quot;address&quot;:null,&quot;city&quot;:null,&quot;state&quot;:null,&quot;ibge_code&quot;:null,&quot;zip_code&quot;:null,&quot;lgpd_cons&#10;assert 200 == 403&#10; +  where 200 = &lt;Response [200]&gt;.status_code">E   AssertionError: POST /customers -&gt; 200: {"id":"7d91744c-bb6f-493d-ba9e-24e828aae30e","name":"x","document":null,"person_type":"PF","email":null,"phone":null,"address":null,"city":null,"state":null,"ibge_code":null,"zip_code":null,"lgpd_cons
    assert 200 == 403
     +  where 200 = &lt;Response [200]&gt;.status_code</failure></testcase><testcase classname="tests.test_features_v4.TestContadorWriteBlocked" name="test_mutation_blocked_403[POST-/products-body2]" time="0.112"><failure message="AssertionError: expected 'Contador é somente-leitura' style detail, got: Admin access required&#10;assert ('somente-leitura' in 'admin access required' or 'contador' in 'admin access required')&#10; +  where 'admin access required' = &lt;built-in method lower of str object at 0xff7ad1a8e970&gt;()&#10; +    where &lt;built-in method lower of str object at 0xff7ad1a8e970&gt; = 'Admin access required'.lower&#10; +  and   'admin access required' = &lt;built-in method lower of str object at 0xff7ad1a8e970&gt;()&#10; +    where &lt;built-in method lower of str object at 0xff7ad1a8e970&gt; = 'Admin access required'.lower">E   AssertionError: expected 'Contador é somente-leitura' style detail, got: Admin access required
    assert ('somente-leitura' in 'admin access required' or 'contador' in 'admin access required')
     +  where 'admin access required' = &lt;built-in method lower of str object at 0xff7ad1a8e970&gt;()
     +    where &lt;built-in method lower of str object at 0xff7ad1a8e970&gt; = 'Admin access required'.lower
     +  and   'admin access required' = &lt;built-in method lower of str object at 0xff7ad1a8e970&gt;()
     +    where &lt;built-in method lower of str object at 0xff7ad1a8e970&gt; = 'Admin access required'.lower</failure></testcase><testcase classname="tests.test_features_v4.TestContadorWriteBlocked" name="test_mutation_blocked_403[POST-/leads-body3]" time="0.121"><failure message="AssertionError: POST /leads -&gt; 200: {&quot;id&quot;:&quot;17e18be7-2efa-4683-805a-340dff0cbc1c&quot;,&quot;name&quot;:&quot;x&quot;,&quot;phone&quot;:null,&quot;email&quot;:null,&quot;company&quot;:null,&quot;source&quot;:&quot;Manual&quot;,&quot;status&quot;:&quot;novo&quot;,&quot;value&quot;:&quot;0.00&quot;,&quot;notes&quot;:null,&quot;owner_id&quot;:&quot;4548e456-e063-421e-8ffa-db7a8&#10;assert 200 == 403&#10; +  where 200 = &lt;Response [200]&gt;.status_code">E   AssertionError: POST /leads -&gt; 200: {"id":"17e18be7-2efa-4683-805a-340dff0cbc1c","name":"x","phone":null,"email":null,"company":null,"source":"Manual","status":"novo","value":"0.00","notes":null,"owner_id":"4548e456-e063-421e-8ffa-db7a8
    assert 200 == 403
     +  where 200 = &lt;Response [200]&gt;.status_code</failure></testcase><testcase classname="tests.test_features_v4.TestContadorWriteBlocked" name="test_mutation_blocked_403[POST-/goals-body4]" time="0.113"><failure message="AssertionError: expected 'Contador é somente-leitura' style detail, got: Admin access required&#10;assert ('somente-leitura' in 'admin access required' or 'contador' in 'admin access required')&#10; +  where 'admin access required' = &lt;built-in method lower of str object at 0xff7ad1a5d6b0&gt;()&#10; +    where &lt;built-in method lower of str object at 0xff7ad1a5d6b0&gt; = 'Admin access required'.lower&#10; +  and   'admin access required' = &lt;built-in method lower of str object at 0xff7ad1a5d6b0&gt;()&#10; +    where &lt;built-in method lower of str object at 0xff7ad1a5d6b0&gt; = 'Admin access required'.lower">E   AssertionError: expected 'Contador é somente-leitura' style detail, got: Admin access required
    assert ('somente-leitura' in 'admin access required' or 'contador' in 'admin access required')
     +  where 'admin access required' = &lt;built-in method lower of str object at 0xff7ad1a5d6b0&gt;()
     +    where &lt;built-in method lower of str object at 0xff7ad1a5d6b0&gt; = 'Admin access required'.lower
     +  and   'admin access required' = &lt;built-in method lower of str object at 0xff7ad1a5d6b0&gt;()
     +    where &lt;built-in method lower of str object at 0xff7ad1a5d6b0&gt; = 'Admin access required'.lower</failure></testcase><testcase classname="tests.test_features_v4.TestContadorWriteBlocked" name="test_mutation_blocked_403[POST-/goals/products-body5]" time="0.124"><failure message="AssertionError: expected 'Contador é somente-leitura' style detail, got: Admin access required&#10;assert ('somente-leitura' in 'admin access required' or 'contador' in 'admin access required')&#10; +  where 'admin access required' = &lt;built-in method lower of str object at 0xff7ad1a8f690&gt;()&#10; +    where &lt;built-in method lower of str object at 0xff7ad1a8f690&gt; = 'Admin access required'.lower&#10; +  and   'admin access required' = &lt;built-in method lower of str object at 0xff7ad1a8f690&gt;()&#10; +    where &lt;built-in method lower of str object at 0xff7ad1a8f690&gt; = 'Admin access required'.lower">E   AssertionError: expected 'Contador é somente-leitura' style detail, got: Admin access required
    assert ('somente-leitura' in 'admin access required' or 'contador' in 'admin access required')
     +  where 'admin access required' = &lt;built-in method lower of str object at 0xff7ad1a8f690&gt;()
     +    where &lt;built-in method lower of str object at 0xff7ad1a8f690&gt; = 'Admin access required'.lower
     +  and   'admin access required' = &lt;built-in method lower of str object at 0xff7ad1a8f690&gt;()
     +    where &lt;built-in method lower of str object at 0xff7ad1a8f690&gt; = 'Admin access required'.lower</failure></testcase><testcase classname="tests.test_features_v4.TestContadorWriteBlocked" name="test_mutation_blocked_403[POST-/dashboard/fiscal_regime?mode=classic-None]" time="0.131"><failure message="AssertionError: expected 'Contador é somente-leitura' style detail, got: Admin access required&#10;assert ('somente-leitura' in 'admin access required' or 'contador' in 'admin access required')&#10; +  where 'admin access required' = &lt;built-in method lower of str object at 0xff7ad1aad8e0&gt;()&#10; +    where &lt;built-in method lower of str object at 0xff7ad1aad8e0&gt; = 'Admin access required'.lower&#10; +  and   'admin access required' = &lt;built-in method lower of str object at 0xff7ad1aad8e0&gt;()&#10; +    where &lt;built-in method lower of str object at 0xff7ad1aad8e0&gt; = 'Admin access required'.lower">E   AssertionError: expected 'Contador é somente-leitura' style detail, got: Admin access required
    assert ('somente-leitura' in 'admin access required' or 'contador' in 'admin access required')
     +  where 'admin access required' = &lt;built-in method lower of str object at 0xff7ad1aad8e0&gt;()
     +    where &lt;built-in method lower of str object at 0xff7ad1aad8e0&gt; = 'Admin access required'.lower
     +  and   'admin access required' = &lt;built-in method lower of str object at 0xff7ad1aad8e0&gt;()
     +    where &lt;built-in method lower of str object at 0xff7ad1aad8e0&gt; = 'Admin access required'.lower</failure></testcase><testcase classname="tests.test_features_v4.TestContadorWriteBlocked" name="test_mutation_blocked_403[PATCH-/goals/products/nonexistent-body7]" time="0.121"><failure message="AssertionError: expected 'Contador é somente-leitura' style detail, got: Admin access required&#10;assert ('somente-leitura' in 'admin access required' or 'contador' in 'admin access required')&#10; +  where 'admin access required' = &lt;built-in method lower of str object at 0xff7ad1a8e060&gt;()&#10; +    where &lt;built-in method lower of str object at 0xff7ad1a8e060&gt; = 'Admin access required'.lower&#10; +  and   'admin access required' = &lt;built-in method lower of str object at 0xff7ad1a8e060&gt;()&#10; +    where &lt;built-in method lower of str object at 0xff7ad1a8e060&gt; = 'Admin access required'.lower">E   AssertionError: expected 'Contador é somente-leitura' style detail, got: Admin access required
    assert ('somente-leitura' in 'admin access required' or 'contador' in 'admin access required')
     +  where 'admin access required' = &lt;built-in method lower of str object at 0xff7ad1a8e060&gt;()
     +    where &lt;built-in method lower of str object at 0xff7ad1a8e060&gt; = 'Admin access required'.lower
     +  and   'admin access required' = &lt;built-in method lower of str object at 0xff7ad1a8e060&gt;()
     +    where &lt;built-in method lower of str object at 0xff7ad1a8e060&gt; = 'Admin access required'.lower</failure></testcase><testcase classname="tests.test_features_v4.TestContadorWriteBlocked" name="test_mutation_blocked_403[DELETE-/goals/products/nonexistent-None]" time="0.119"><failure message="AssertionError: expected 'Contador é somente-leitura' style detail, got: Admin access required&#10;assert ('somente-leitura' in 'admin access required' or 'contador' in 'admin access required')&#10; +  where 'admin access required' = &lt;built-in method lower of str object at 0xff7ad1a3e290&gt;()&#10; +    where &lt;built-in method lower of str object at 0xff7ad1a3e290&gt; = 'Admin access required'.lower&#10; +  and   'admin access required' = &lt;built-in method lower of str object at 0xff7ad1a3e290&gt;()&#10; +    where &lt;built-in method lower of str object at 0xff7ad1a3e290&gt; = 'Admin access required'.lower">E   AssertionError: expected 'Contador é somente-leitura' style detail, got: Admin access required
    assert ('somente-leitura' in 'admin access required' or 'contador' in 'admin access required')
     +  where 'admin access required' = &lt;built-in method lower of str object at 0xff7ad1a3e290&gt;()
     +    where &lt;built-in method lower of str object at 0xff7ad1a3e290&gt; = 'Admin access required'.lower
     +  and   'admin access required' = &lt;built-in method lower of str object at 0xff7ad1a3e290&gt;()
     +    where &lt;built-in method lower of str object at 0xff7ad1a3e290&gt; = 'Admin access required'.lower</failure></testcase><testcase classname="tests.test_features_v4.TestContadorWriteBlocked" name="test_mutation_blocked_403[DELETE-/orders/nonexistent-None]" time="0.111"><failure message="AssertionError: DELETE /orders/nonexistent -&gt; 405: {&quot;detail&quot;:&quot;Method Not Allowed&quot;}&#10;assert 405 == 403&#10; +  where 405 = &lt;Response [405]&gt;.status_code">E   AssertionError: DELETE /orders/nonexistent -&gt; 405: {"detail":"Method Not Allowed"}
    assert 405 == 403
     +  where 405 = &lt;Response [405]&gt;.status_code</failure></testcase><testcase classname="tests.test_features_v4.TestContadorWriteBlocked" name="test_allowlist_paths_still_work_for_contador" time="0.116" /></testsuite></testsuites>