<?xml version="1.0" encoding="utf-8"?><testsuites name="pytest tests"><testsuite name="pytest" errors="0" failures="0" skipped="0" tests="18" time="6.822" timestamp="2026-09-18T19:19:16.658031+00:00" hostname="agent-env-d8b25187-eca7-43b5-b62b-ce4a6c9434e6"><testcase classname="tests.backend_test" name="test_health" time="0.192" /><testcase classname="tests.backend_test" name="test_admin_login_role" time="0.312" /><testcase classname="tests.backend_test" name="test_vendedor_login_role" time="0.307" /><testcase classname="tests.backend_test" name="test_auth_me" time="0.387" /><testcase classname="tests.backend_test" name="test_login_bad_credentials" time="0.303" /><testcase classname="tests.backend_test" name="test_admin_can_list_users" time="0.092" /><testcase classname="tests.backend_test" name="test_vendedor_cannot_list_users" time="0.372" /><testcase classname="tests.backend_test" name="test_admin_register_new_vendedor" time="0.298" /><testcase classname="tests.backend_test" name="test_vendedor_cannot_register" time="0.072" /><testcase classname="tests.backend_test" name="test_leads_crud_and_scoping" time="0.954" /><testcase classname="tests.backend_test" name="test_whatsapp_webhook_wrong_token" time="0.070" /><testcase classname="tests.backend_test" name="test_whatsapp_webhook_creates_lead_and_appends" time="0.396" /><testcase classname="tests.backend_test" name="test_whatsapp_simulate" time="0.255" /><testcase classname="tests.backend_test" name="test_products_admin_crud_vendedor_readonly" time="0.404" /><testcase classname="tests.backend_test" name="test_end_to_end_flow" time="1.199" /><testcase classname="tests.backend_test" name="test_service_order_generates_nfse" time="0.239" /><testcase classname="tests.backend_test" name="test_customer_anonymize" time="0.168" /><testcase classname="tests.backend_test" name="test_zzz_cleanup" time="0.223" /></testsuite></testsuites>