<?xml version="1.0" encoding="utf-8"?><testsuites name="pytest tests"><testsuite name="pytest" errors="0" failures="0" skipped="0" tests="203" time="39.735" timestamp="2026-09-18T19:41:15.335716+00:00" hostname="agent-env-d8b25187-eca7-43b5-b62b-ce4a6c9434e6"><testcase classname="tests.backend_test" name="test_health" time="0.192" /><testcase classname="tests.backend_test" name="test_admin_login_role" time="0.504" /><testcase classname="tests.backend_test" name="test_vendedor_login_role" time="0.291" /><testcase classname="tests.test_features_v2" name="test_uf_icms_nfe[gross0-SP]" time="1.665" /><testcase classname="tests.backend_test" name="test_auth_me" time="0.363" /><testcase classname="tests.backend_test" name="test_login_bad_credentials" time="0.300" /><testcase classname="tests.backend_test" name="test_admin_can_list_users" time="0.072" /><testcase classname="tests.test_features_v2" name="test_uf_icms_nfe[gross0-RJ]" time="0.451" /><testcase classname="tests.backend_test" name="test_vendedor_cannot_list_users" time="0.404" /><testcase classname="tests.test_features_v2" name="test_uf_icms_nfe[gross0-MG]" time="0.446" /><testcase classname="tests.backend_test" name="test_admin_register_new_vendedor" time="0.346" /><testcase classname="tests.backend_test" name="test_vendedor_cannot_register" time="0.074" /><testcase classname="tests.backend_test" name="test_leads_crud_and_scoping" time="0.935" /><testcase classname="tests.test_features_v2" name="test_uf_icms_nfe[gross0-DF]" time="0.388" /><testcase classname="tests.test_features_v2" name="test_uf_icms_nfe[gross0-PR]" time="0.299" /><testcase classname="tests.test_features_v2" name="test_uf_icms_nfe[gross0-MA]" time="0.296" /><testcase classname="tests.backend_test" name="test_whatsapp_webhook_wrong_token" time="0.124" /><testcase classname="tests.test_features_v2" name="test_uf_icms_nfe[gross0-RS]" time="0.298" /><testcase classname="tests.backend_test" name="test_whatsapp_webhook_creates_lead_and_appends" time="0.385" /><testcase classname="tests.test_features_v2" name="test_uf_icms_nfe[gross0-SC]" time="0.250" /><testcase classname="tests.backend_test" name="test_whatsapp_simulate" time="0.276" /><testcase classname="tests.test_features_v2" name="test_uf_icms_nfe[gross0-BA]" time="0.375" /><testcase classname="tests.backend_test" name="test_products_admin_crud_vendedor_readonly" time="0.414" /><testcase classname="tests.test_features_v2" name="test_uf_icms_nfe[gross0-PE]" time="0.292" /><testcase classname="tests.backend_test" name="test_end_to_end_flow" time="1.295" /><testcase classname="tests.test_features_v2" name="test_uf_icms_nfe[gross0-GO]" time="0.251" /><testcase classname="tests.test_features_v2" name="test_uf_icms_nfe[gross0-ES]" time="0.302" /><testcase classname="tests.test_features_v2" name="test_uf_icms_nfe[gross0-CE]" time="0.255" /><testcase classname="tests.test_features_v2" name="test_uf_icms_nfe[gross0-AM]" time="0.282" /><testcase classname="tests.test_features_v2" name="test_uf_icms_nfe[gross0-PA]" time="0.301" /><testcase classname="tests.backend_test" name="test_service_order_generates_nfse" time="0.238" /><testcase classname="tests.test_features_v2" name="test_uf_icms_nfe[gross1-SP]" time="0.314" /><testcase classname="tests.backend_test" name="test_customer_anonymize" time="0.164" /><testcase classname="tests.backend_test" name="test_zzz_cleanup" time="0.269" /><testcase classname="tests.test_features_v2" name="test_uf_icms_nfe[gross1-RJ]" time="0.263" /><testcase classname="tests.test_features_v2" name="test_uf_icms_nfe[gross1-MG]" time="0.397" /><testcase classname="tests.test_features_v2" name="test_uf_icms_nfe[gross1-DF]" time="0.484" /><testcase classname="tests.test_features_v2.TestGoals" name="test_create_goal_admin" time="0.815" /><testcase classname="tests.test_features_v2.TestGoals" name="test_create_goal_vendedor_forbidden" time="0.075" /><testcase classname="tests.test_features_v2.TestGoals" name="test_create_goal_upsert_same_month" time="0.161" /><testcase classname="tests.test_features_v2" name="test_uf_icms_nfe[gross1-PR]" time="0.245" /><testcase classname="tests.test_features_v2.TestGoals" name="test_patch_goal" time="0.209" /><testcase classname="tests.test_features_v2" name="test_uf_icms_nfe[gross1-MA]" time="0.293" /><testcase classname="tests.test_features_v2.TestGoals" name="test_patch_goal_vendedor_forbidden" time="0.091" /><testcase classname="tests.test_features_v2.TestGoals" name="test_patch_goal_not_found" time="0.111" /><testcase classname="tests.test_features_v2.TestGoals" name="test_delete_goal" time="0.310" /><testcase classname="tests.test_features_v2" name="test_uf_icms_nfe[gross1-RS]" time="0.253" /><testcase classname="tests.test_features_v2" name="test_uf_icms_nfe[gross1-SC]" time="0.296" /><testcase classname="tests.test_features_v2.TestGoals" name="test_delete_goal_vendedor_forbidden" time="0.133" /><testcase classname="tests.test_features_v2.TestGoals" name="test_list_goals_admin_all" time="0.130" /><testcase classname="tests.test_features_v2.TestGoals" name="test_list_goals_vendedor_scoped" time="0.077" /><testcase classname="tests.test_features_v2" name="test_uf_icms_nfe[gross1-BA]" time="0.301" /><testcase classname="tests.test_features_v2.TestGoals" name="test_list_goals_filter_month" time="0.073" /><testcase classname="tests.test_features_v2.TestGoals" name="test_list_goals_unauth" time="0.112" /><testcase classname="tests.test_features_v2.TestInventory" name="test_setup" time="0.218" /><testcase classname="tests.test_features_v2" name="test_uf_icms_nfe[gross1-PE]" time="0.325" /><testcase classname="tests.test_features_v2.TestInventory" name="test_create_inventory" time="0.076" /><testcase classname="tests.test_features_v2.TestInventory" name="test_create_inventory_upsert" time="0.095" /><testcase classname="tests.test_features_v2" name="test_uf_icms_nfe[gross1-GO]" time="0.297" /><testcase classname="tests.test_features_v2.TestInventory" name="test_create_inventory_vendedor_forbidden" time="0.075" /><testcase classname="tests.test_features_v2.TestInventory" name="test_patch_inventory" time="0.083" /><testcase classname="tests.test_features_v2.TestInventory" name="test_patch_inventory_not_found" time="0.076" /><testcase classname="tests.test_features_v2.TestInventory" name="test_patch_inventory_vendedor_forbidden" time="0.073" /><testcase classname="tests.test_features_v2" name="test_uf_icms_nfe[gross1-ES]" time="0.247" /><testcase classname="tests.test_features_v2.TestInventory" name="test_list_inventory_filter_by_product" time="0.120" /><testcase classname="tests.test_features_v2.TestInventory" name="test_list_inventory_filter_by_channel" time="0.103" /><testcase classname="tests.test_features_v2.TestInventory" name="test_inventory_summary" time="0.081" /><testcase classname="tests.test_features_v2" name="test_uf_icms_nfe[gross1-CE]" time="0.346" /><testcase classname="tests.test_features_v2.TestInventory" name="test_delete_inventory" time="0.229" /><testcase classname="tests.test_features_v2.TestInventory" name="test_delete_inventory_vendedor_forbidden" time="0.125" /><testcase classname="tests.test_features_v2" name="test_uf_icms_nfe[gross1-AM]" time="0.319" /><testcase classname="tests.test_features_v2.TestCommissionFlow" name="test_setup_goal_and_customer" time="0.264" /><testcase classname="tests.test_features_v2" name="test_uf_icms_nfe[gross1-PA]" time="0.247" /><testcase classname="tests.test_features_v2.TestCommissionFlow" name="test_progress_before_payment" time="0.088" /><testcase classname="tests.test_features_v2.TestCommissionFlow" name="test_create_order_5000" time="0.129" /><testcase classname="tests.test_features_v2" name="test_uf_icms_nfe[gross2-SP]" time="0.237" /><testcase classname="tests.test_features_v2.TestCommissionFlow" name="test_add_and_mark_payment_paid" time="0.216" /><testcase classname="tests.test_features_v2.TestCommissionFlow" name="test_commission_auto_created" time="0.086" /><testcase classname="tests.test_features_v2" name="test_uf_icms_nfe[gross2-RJ]" time="0.246" /><testcase classname="tests.test_features_v2.TestCommissionFlow" name="test_mark_paid_idempotent_no_duplicate" time="0.157" /><testcase classname="tests.test_features_v2.TestCommissionFlow" name="test_progress_after_payment" time="0.088" /><testcase classname="tests.test_features_v2" name="test_uf_icms_nfe[gross2-MG]" time="0.306" /><testcase classname="tests.test_features_v2.TestCommissionFlow" name="test_commissions_admin_sees_all" time="0.072" /><testcase classname="tests.test_features_v2.TestCommissionFlow" name="test_commissions_vendedor_scoped" time="0.078" /><testcase classname="tests.test_features_v2.TestCommissionFlow" name="test_mark_commission_paid_admin" time="0.078" /><testcase classname="tests.test_features_v2.TestCommissionFlow" name="test_mark_commission_paid_vendedor_forbidden" time="0.071" /><testcase classname="tests.test_features_v2" name="test_uf_icms_nfe[gross2-DF]" time="0.253" /><testcase classname="tests.test_features_v2.TestChannels" name="test_list_channels_authenticated" time="0.071" /><testcase classname="tests.test_features_v2.TestChannels" name="test_list_channels_vendedor_ok" time="0.072" /><testcase classname="tests.test_features_v2.TestChannels" name="test_list_channels_unauth" time="0.069" /><testcase classname="tests.test_features_v2" name="test_uf_icms_nfe[gross2-PR]" time="0.243" /><testcase classname="tests.test_features_v2.TestChannels" name="test_channel_types" time="0.070" /><testcase classname="tests.test_features_v2.TestChannels" name="test_create_channel_admin" time="0.121" /><testcase classname="tests.test_features_v2.TestChannels" name="test_create_channel_vendedor_forbidden" time="0.083" /><testcase classname="tests.test_features_v2" name="test_uf_icms_nfe[gross2-MA]" time="0.328" /><testcase classname="tests.test_features_v2.TestChannels" name="test_create_channel_duplicate_400" time="0.071" /><testcase classname="tests.test_features_v2.TestChannels" name="test_patch_channel" time="0.148" /><testcase classname="tests.test_features_v2.TestChannels" name="test_delete_channel" time="0.209" /><testcase classname="tests.test_features_v2" name="test_uf_icms_nfe[gross2-RS]" time="0.307" /><testcase classname="tests.test_features_v2.TestChannels" name="test_delete_channel_vendedor_forbidden" time="0.071" /><testcase classname="tests.test_features_v2.TestChannels" name="test_patch_channel_not_found" time="0.075" /><testcase classname="tests.test_features_v2.TestReports" name="test_export_csv_admin" time="0.144" /><testcase classname="tests.test_features_v2" name="test_uf_icms_nfe[gross2-SC]" time="0.346" /><testcase classname="tests.test_features_v2.TestReports" name="test_export_csv_headers" time="0.106" /><testcase classname="tests.test_features_v2.TestReports" name="test_export_csv_semicolon_delimiter" time="0.103" /><testcase classname="tests.test_features_v2" name="test_uf_icms_nfe[gross2-BA]" time="0.441" /><testcase classname="tests.test_features_v2.TestReports" name="test_export_csv_month_filter" time="0.097" /><testcase classname="tests.test_features_v2.TestReports" name="test_export_csv_vendedor_scoped" time="0.089" /><testcase classname="tests.test_features_v2.TestReports" name="test_export_csv_unauth" time="0.077" /><testcase classname="tests.test_features_v2.TestReports" name="test_report_summary" time="0.094" /><testcase classname="tests.test_features_v2.TestReports" name="test_report_summary_vendedor" time="0.088" /><testcase classname="tests.test_features_v2" name="test_uf_icms_nfe[gross2-PE]" time="0.267" /><testcase classname="tests.test_features_v2" name="test_uf_icms_nfe[gross2-GO]" time="0.247" /><testcase classname="tests.test_features_v2" name="test_uf_icms_nfe[gross2-ES]" time="0.248" /><testcase classname="tests.test_features_v2" name="test_uf_icms_nfe[gross2-CE]" time="0.266" /><testcase classname="tests.test_features_v2" name="test_uf_icms_nfe[gross2-AM]" time="0.288" /><testcase classname="tests.test_features_v2" name="test_uf_icms_nfe[gross2-PA]" time="0.317" /><testcase classname="tests.test_features_v2" name="test_uf_icms_nfe[gross3-SP]" time="0.253" /><testcase classname="tests.test_features_v2" name="test_uf_icms_nfe[gross3-RJ]" time="0.259" /><testcase classname="tests.test_features_v2" name="test_uf_icms_nfe[gross3-MG]" time="0.251" /><testcase classname="tests.test_features_v2" name="test_uf_icms_nfe[gross3-DF]" time="0.251" /><testcase classname="tests.test_features_v2" name="test_uf_icms_nfe[gross3-PR]" time="0.252" /><testcase classname="tests.test_features_v2" name="test_uf_icms_nfe[gross3-MA]" time="0.246" /><testcase classname="tests.test_features_v2" name="test_uf_icms_nfe[gross3-RS]" time="0.256" /><testcase classname="tests.test_features_v2" name="test_uf_icms_nfe[gross3-SC]" time="0.261" /><testcase classname="tests.test_features_v2" name="test_uf_icms_nfe[gross3-BA]" time="0.285" /><testcase classname="tests.test_features_v2" name="test_uf_icms_nfe[gross3-PE]" time="0.263" /><testcase classname="tests.test_features_v2" name="test_uf_icms_nfe[gross3-GO]" time="0.251" /><testcase classname="tests.test_features_v2" name="test_uf_icms_nfe[gross3-ES]" time="0.264" /><testcase classname="tests.test_features_v2" name="test_uf_icms_nfe[gross3-CE]" time="0.288" /><testcase classname="tests.test_features_v2" name="test_uf_icms_nfe[gross3-AM]" time="0.283" /><testcase classname="tests.test_features_v2" name="test_uf_icms_nfe[gross3-PA]" time="0.254" /><testcase classname="tests.test_features_v2" name="test_uf_icms_nfe[gross4-SP]" time="0.256" /><testcase classname="tests.test_features_v2" name="test_uf_icms_nfe[gross4-RJ]" time="0.278" /><testcase classname="tests.test_features_v2" name="test_uf_icms_nfe[gross4-MG]" time="0.261" /><testcase classname="tests.test_features_v2" name="test_uf_icms_nfe[gross4-DF]" time="0.290" /><testcase classname="tests.test_features_v2" name="test_uf_icms_nfe[gross4-PR]" time="0.288" /><testcase classname="tests.test_features_v2" name="test_uf_icms_nfe[gross4-MA]" time="0.253" /><testcase classname="tests.test_features_v2" name="test_uf_icms_nfe[gross4-RS]" time="0.263" /><testcase classname="tests.test_features_v2" name="test_uf_icms_nfe[gross4-SC]" time="0.368" /><testcase classname="tests.test_features_v2" name="test_uf_icms_nfe[gross4-BA]" time="0.283" /><testcase classname="tests.test_features_v2" name="test_uf_icms_nfe[gross4-PE]" time="0.308" /><testcase classname="tests.test_features_v2" name="test_uf_icms_nfe[gross4-GO]" time="0.254" /><testcase classname="tests.test_features_v2" name="test_uf_icms_nfe[gross4-ES]" time="0.246" /><testcase classname="tests.test_features_v2" name="test_uf_icms_nfe[gross4-CE]" time="0.290" /><testcase classname="tests.test_features_v2" name="test_uf_icms_nfe[gross4-AM]" time="0.278" /><testcase classname="tests.test_features_v2" name="test_uf_icms_nfe[gross4-PA]" time="0.276" /><testcase classname="tests.test_features_v2" name="test_uf_iss_nfse[gross0-SP]" time="0.270" /><testcase classname="tests.test_features_v2" name="test_uf_iss_nfse[gross0-RJ]" time="0.290" /><testcase classname="tests.test_features_v2" name="test_uf_iss_nfse[gross0-MG]" time="0.464" /><testcase classname="tests.test_features_v2" name="test_uf_iss_nfse[gross0-DF]" time="0.283" /><testcase classname="tests.test_features_v2" name="test_uf_iss_nfse[gross0-PR]" time="0.303" /><testcase classname="tests.test_features_v2" name="test_uf_iss_nfse[gross0-MA]" time="0.341" /><testcase classname="tests.test_features_v2" name="test_uf_iss_nfse[gross0-RS]" time="0.370" /><testcase classname="tests.test_features_v2" name="test_uf_iss_nfse[gross0-SC]" time="0.266" /><testcase classname="tests.test_features_v2" name="test_uf_iss_nfse[gross0-BA]" time="0.253" /><testcase classname="tests.test_features_v2" name="test_uf_iss_nfse[gross0-PE]" time="0.268" /><testcase classname="tests.test_features_v2" name="test_uf_iss_nfse[gross0-GO]" time="0.260" /><testcase classname="tests.test_features_v2" name="test_uf_iss_nfse[gross0-ES]" time="0.261" /><testcase classname="tests.test_features_v2" name="test_uf_iss_nfse[gross0-CE]" time="0.297" /><testcase classname="tests.test_features_v2" name="test_uf_iss_nfse[gross0-AM]" time="0.290" /><testcase classname="tests.test_features_v2" name="test_uf_iss_nfse[gross0-PA]" time="0.346" /><testcase classname="tests.test_features_v2" name="test_uf_iss_nfse[gross1-SP]" time="0.263" /><testcase classname="tests.test_features_v2" name="test_uf_iss_nfse[gross1-RJ]" time="0.270" /><testcase classname="tests.test_features_v2" name="test_uf_iss_nfse[gross1-MG]" time="0.272" /><testcase classname="tests.test_features_v2" name="test_uf_iss_nfse[gross1-DF]" time="0.290" /><testcase classname="tests.test_features_v2" name="test_uf_iss_nfse[gross1-PR]" time="0.383" /><testcase classname="tests.test_features_v2" name="test_uf_iss_nfse[gross1-MA]" time="0.253" /><testcase classname="tests.test_features_v2" name="test_uf_iss_nfse[gross1-RS]" time="0.263" /><testcase classname="tests.test_features_v2" name="test_uf_iss_nfse[gross1-SC]" time="0.259" /><testcase classname="tests.test_features_v2" name="test_uf_iss_nfse[gross1-BA]" time="0.258" /><testcase classname="tests.test_features_v2" name="test_uf_iss_nfse[gross1-PE]" time="0.279" /><testcase classname="tests.test_features_v2" name="test_uf_iss_nfse[gross1-GO]" time="0.252" /><testcase classname="tests.test_features_v2" name="test_uf_iss_nfse[gross1-ES]" time="0.298" /><testcase classname="tests.test_features_v2" name="test_uf_iss_nfse[gross1-CE]" time="0.266" /><testcase classname="tests.test_features_v2" name="test_uf_iss_nfse[gross1-AM]" time="0.250" /><testcase classname="tests.test_features_v2" name="test_uf_iss_nfse[gross1-PA]" time="0.264" /><testcase classname="tests.test_features_v2" name="test_uf_iss_nfse[gross2-SP]" time="0.292" /><testcase classname="tests.test_features_v2" name="test_uf_iss_nfse[gross2-RJ]" time="0.281" /><testcase classname="tests.test_features_v2" name="test_uf_iss_nfse[gross2-MG]" time="0.255" /><testcase classname="tests.test_features_v2" name="test_uf_iss_nfse[gross2-DF]" time="0.253" /><testcase classname="tests.test_features_v2" name="test_uf_iss_nfse[gross2-PR]" time="0.259" /><testcase classname="tests.test_features_v2" name="test_uf_iss_nfse[gross2-MA]" time="0.276" /><testcase classname="tests.test_features_v2" name="test_uf_iss_nfse[gross2-RS]" time="0.268" /><testcase classname="tests.test_features_v2" name="test_uf_iss_nfse[gross2-SC]" time="0.245" /><testcase classname="tests.test_features_v2" name="test_uf_iss_nfse[gross2-BA]" time="0.256" /><testcase classname="tests.test_features_v2" name="test_uf_iss_nfse[gross2-PE]" time="0.263" /><testcase classname="tests.test_features_v2" name="test_uf_iss_nfse[gross2-GO]" time="0.282" /><testcase classname="tests.test_features_v2" name="test_uf_iss_nfse[gross2-ES]" time="0.262" /><testcase classname="tests.test_features_v2" name="test_uf_iss_nfse[gross2-CE]" time="0.276" /><testcase classname="tests.test_features_v2" name="test_uf_iss_nfse[gross2-AM]" time="0.269" /><testcase classname="tests.test_features_v2" name="test_uf_iss_nfse[gross2-PA]" time="0.248" /><testcase classname="tests.test_features_v2" name="test_e2e_uf_1000_gross[SP-expected_icms0]" time="0.296" /><testcase classname="tests.test_features_v2" name="test_e2e_uf_1000_gross[RJ-expected_icms1]" time="0.321" /><testcase classname="tests.test_features_v2" name="test_e2e_uf_1000_gross[MG-expected_icms2]" time="0.503" /><testcase classname="tests.test_features_v2" name="test_e2e_uf_1000_gross[DF-expected_icms3]" time="0.276" /><testcase classname="tests.test_features_v2" name="test_e2e_uf_1000_gross[PR-expected_icms4]" time="0.271" /><testcase classname="tests.test_features_v2" name="test_e2e_uf_1000_gross[MA-expected_icms5]" time="0.283" /><testcase classname="tests.test_features_v2" name="test_customer_patch_partial" time="0.192" /><testcase classname="tests.test_features_v2" name="test_order_item_add_rejected_after_invoice" time="0.354" /><testcase classname="tests.test_features_v2" name="test_emit_invoice_twice" time="0.463" /><testcase classname="tests.test_features_v2" name="test_dashboard_monthly_calendar" time="0.109" /><testcase classname="tests.test_features_v2" name="test_whatsapp_simulate_requires_auth" time="0.078" /></testsuite></testsuites>